08/04/2023 20:47:28 ::INFO:: Model is ResNet18_Bilberry.
08/04/2023 20:47:28 ::INFO:: Pretrained is False
08/04/2023 20:47:28 ::INFO:: Learning rate = 0.0005
08/04/2023 20:47:28 ::INFO:: Batch size = 32
08/04/2023 20:47:28 ::INFO:: Using optimizer : Adam (
Parameter Group 0
    amsgrad: False
    betas: (0.9, 0.999)
    capturable: False
    differentiable: False
    eps: 1e-08
    foreach: None
    fused: False
    lr: 0.0005
    maximize: False
    weight_decay: 0.0005
)
08/04/2023 20:47:28 ::INFO:: Lr Scheduler : None
08/04/2023 20:47:28 ::INFO:: 
08/04/2023 20:47:28 ::INFO:: Start training
08/04/2023 20:47:28 ::INFO:: [START] : 2023-04-08 19:47:28
08/04/2023 20:47:31 ::INFO:: Start validation loop
08/04/2023 20:47:36 ::INFO:: Start validation loop
08/04/2023 20:47:37 ::INFO:: Epoch 1/15
08/04/2023 20:47:37 ::INFO:: ** Training loss : 0.64150
08/04/2023 20:47:37 ::INFO:: ** Validation loss : 0.78273
08/04/2023 20:47:37 ::INFO:: ***** Training acc : 63.64%
08/04/2023 20:47:37 ::INFO:: ***** Validation acc : 73.33%
08/04/2023 20:47:39 ::INFO:: Start validation loop
08/04/2023 20:47:42 ::INFO:: Start validation loop
08/04/2023 20:47:43 ::INFO:: Epoch 2/15
08/04/2023 20:47:43 ::INFO:: ** Training loss : 0.46082
08/04/2023 20:47:43 ::INFO:: ** Validation loss : 0.79072
08/04/2023 20:47:43 ::INFO:: ***** Training acc : 81.82%
08/04/2023 20:47:43 ::INFO:: ***** Validation acc : 73.33%
08/04/2023 20:47:44 ::INFO:: Start validation loop
08/04/2023 20:47:48 ::INFO:: Start validation loop
08/04/2023 20:47:49 ::INFO:: Epoch 3/15
08/04/2023 20:47:49 ::INFO:: ** Training loss : 0.43740
08/04/2023 20:47:49 ::INFO:: ** Validation loss : 0.65435
08/04/2023 20:47:49 ::INFO:: ***** Training acc : 72.73%
08/04/2023 20:47:49 ::INFO:: ***** Validation acc : 73.33%
08/04/2023 20:47:50 ::INFO:: Start validation loop
08/04/2023 20:47:53 ::INFO:: Start validation loop
08/04/2023 20:47:54 ::INFO:: Epoch 4/15
08/04/2023 20:47:54 ::INFO:: ** Training loss : 0.44444
08/04/2023 20:47:54 ::INFO:: ** Validation loss : 1.28452
08/04/2023 20:47:54 ::INFO:: ***** Training acc : 81.82%
08/04/2023 20:47:54 ::INFO:: ***** Validation acc : 46.67%
08/04/2023 20:47:55 ::INFO:: Start validation loop
08/04/2023 20:47:59 ::INFO:: Start validation loop
08/04/2023 20:48:00 ::INFO:: Epoch 5/15
08/04/2023 20:48:00 ::INFO:: ** Training loss : 0.45609
08/04/2023 20:48:00 ::INFO:: ** Validation loss : 0.50659
08/04/2023 20:48:00 ::INFO:: ***** Training acc : 90.91%
08/04/2023 20:48:00 ::INFO:: ***** Validation acc : 75.56%
08/04/2023 20:48:02 ::INFO:: Start validation loop
08/04/2023 20:48:05 ::INFO:: Start validation loop
08/04/2023 20:48:06 ::INFO:: Epoch 6/15
08/04/2023 20:48:06 ::INFO:: ** Training loss : 0.49964
08/04/2023 20:48:06 ::INFO:: ** Validation loss : 0.53735
08/04/2023 20:48:06 ::INFO:: ***** Training acc : 90.91%
08/04/2023 20:48:06 ::INFO:: ***** Validation acc : 77.78%
08/04/2023 20:48:08 ::INFO:: Start validation loop
08/04/2023 20:48:12 ::INFO:: Start validation loop
08/04/2023 20:48:13 ::INFO:: Epoch 7/15
08/04/2023 20:48:13 ::INFO:: ** Training loss : 0.40455
08/04/2023 20:48:13 ::INFO:: ** Validation loss : 0.61575
08/04/2023 20:48:13 ::INFO:: ***** Training acc : 81.82%
08/04/2023 20:48:13 ::INFO:: ***** Validation acc : 75.56%
08/04/2023 20:48:14 ::INFO:: Start validation loop
08/04/2023 20:48:18 ::INFO:: Start validation loop
08/04/2023 20:48:19 ::INFO:: Epoch 8/15
08/04/2023 20:48:19 ::INFO:: ** Training loss : 0.43637
08/04/2023 20:48:19 ::INFO:: ** Validation loss : 0.67032
08/04/2023 20:48:19 ::INFO:: ***** Training acc : 81.82%
08/04/2023 20:48:19 ::INFO:: ***** Validation acc : 73.33%
08/04/2023 20:48:20 ::INFO:: Start validation loop
08/04/2023 20:48:23 ::INFO:: Start validation loop
08/04/2023 20:48:24 ::INFO:: Epoch 9/15
08/04/2023 20:48:24 ::INFO:: ** Training loss : 0.52832
08/04/2023 20:48:24 ::INFO:: ** Validation loss : 0.62403
08/04/2023 20:48:24 ::INFO:: ***** Training acc : 63.64%
08/04/2023 20:48:24 ::INFO:: ***** Validation acc : 77.78%
08/04/2023 20:48:25 ::INFO:: Start validation loop
08/04/2023 20:48:29 ::INFO:: Start validation loop
08/04/2023 20:48:30 ::INFO:: Epoch 10/15
08/04/2023 20:48:30 ::INFO:: ** Training loss : 0.44010
08/04/2023 20:48:30 ::INFO:: ** Validation loss : 0.49798
08/04/2023 20:48:30 ::INFO:: ***** Training acc : 81.82%
08/04/2023 20:48:30 ::INFO:: ***** Validation acc : 77.78%
08/04/2023 20:48:31 ::INFO:: Start validation loop
08/04/2023 20:48:34 ::INFO:: Start validation loop
08/04/2023 20:48:35 ::INFO:: Epoch 11/15
08/04/2023 20:48:35 ::INFO:: ** Training loss : 0.47319
08/04/2023 20:48:35 ::INFO:: ** Validation loss : 0.55411
08/04/2023 20:48:35 ::INFO:: ***** Training acc : 72.73%
08/04/2023 20:48:35 ::INFO:: ***** Validation acc : 75.56%
08/04/2023 20:48:36 ::INFO:: Start validation loop
08/04/2023 20:48:40 ::INFO:: Start validation loop
08/04/2023 20:48:41 ::INFO:: Epoch 12/15
08/04/2023 20:48:41 ::INFO:: ** Training loss : 0.39951
08/04/2023 20:48:41 ::INFO:: ** Validation loss : 0.46415
08/04/2023 20:48:41 ::INFO:: ***** Training acc : 81.82%
08/04/2023 20:48:41 ::INFO:: ***** Validation acc : 82.22%
08/04/2023 20:48:42 ::INFO:: Start validation loop
08/04/2023 20:48:45 ::INFO:: Start validation loop
08/04/2023 20:48:46 ::INFO:: Epoch 13/15
08/04/2023 20:48:46 ::INFO:: ** Training loss : 0.36127
08/04/2023 20:48:46 ::INFO:: ** Validation loss : 0.51656
08/04/2023 20:48:46 ::INFO:: ***** Training acc : 90.91%
08/04/2023 20:48:46 ::INFO:: ***** Validation acc : 82.22%
08/04/2023 20:48:47 ::INFO:: Start validation loop
08/04/2023 20:48:51 ::INFO:: Start validation loop
08/04/2023 20:48:52 ::INFO:: Epoch 14/15
08/04/2023 20:48:52 ::INFO:: ** Training loss : 0.38554
08/04/2023 20:48:52 ::INFO:: ** Validation loss : 0.32949
08/04/2023 20:48:52 ::INFO:: ***** Training acc : 81.82%
08/04/2023 20:48:52 ::INFO:: ***** Validation acc : 88.89%
08/04/2023 20:48:53 ::INFO:: Start validation loop
08/04/2023 20:48:56 ::INFO:: Start validation loop
08/04/2023 20:48:57 ::INFO:: Epoch 15/15
08/04/2023 20:48:57 ::INFO:: ** Training loss : 0.27186
08/04/2023 20:48:57 ::INFO:: ** Validation loss : 0.44110
08/04/2023 20:48:57 ::INFO:: ***** Training acc : 90.91%
08/04/2023 20:48:57 ::INFO:: ***** Validation acc : 82.22%
08/04/2023 20:48:58 ::INFO:: 

08/04/2023 20:48:58 ::INFO:: Model saved to ResNet18_Bilberry_15epochs_08042023_20h48.pt.
08/04/2023 20:48:58 ::INFO:: Time duration: 0:01:29.062912.
08/04/2023 20:48:58 ::INFO:: End training.
