07/04/2023 23:28:42 ::INFO:: Model is ResNet50_FirstTry.
07/04/2023 23:28:42 ::INFO:: Pretrained is True
07/04/2023 23:28:42 ::INFO:: Learning rate = 0.001
07/04/2023 23:28:42 ::INFO:: Batch size = 16
07/04/2023 23:28:42 ::INFO:: Using optimizer : Adam (
Parameter Group 0
    amsgrad: False
    betas: (0.9, 0.999)
    capturable: False
    differentiable: False
    eps: 1e-08
    foreach: None
    fused: False
    lr: 0.001
    maximize: False
    weight_decay: 0.0005
)
07/04/2023 23:28:42 ::INFO:: Lr Scheduler : None
07/04/2023 23:28:42 ::INFO:: 
07/04/2023 23:28:42 ::INFO:: Start training
07/04/2023 23:28:42 ::INFO:: [START] : 2023-04-07 22:28:41
07/04/2023 23:28:47 ::INFO:: Epoch 1/10
07/04/2023 23:28:47 ::INFO:: ***** Training loss : 0.48402
07/04/2023 23:28:47 ::INFO:: ***** Validation class acc : 999900.00%
07/04/2023 23:28:50 ::INFO:: Epoch 2/10
07/04/2023 23:28:50 ::INFO:: ***** Training loss : 0.29559
07/04/2023 23:28:50 ::INFO:: ***** Validation class acc : 999900.00%
07/04/2023 23:28:54 ::INFO:: Epoch 3/10
07/04/2023 23:28:54 ::INFO:: ***** Training loss : 0.25961
07/04/2023 23:28:54 ::INFO:: ***** Validation class acc : 999900.00%
07/04/2023 23:28:58 ::INFO:: Epoch 4/10
07/04/2023 23:28:58 ::INFO:: ***** Training loss : 0.20453
07/04/2023 23:28:58 ::INFO:: ***** Validation class acc : 999900.00%
07/04/2023 23:29:02 ::INFO:: Epoch 5/10
07/04/2023 23:29:02 ::INFO:: ***** Training loss : 0.13435
07/04/2023 23:29:02 ::INFO:: ***** Validation class acc : 999900.00%
07/04/2023 23:29:05 ::INFO:: Epoch 6/10
07/04/2023 23:29:05 ::INFO:: ***** Training loss : 0.08751
07/04/2023 23:29:05 ::INFO:: ***** Validation class acc : 999900.00%
07/04/2023 23:29:09 ::INFO:: Epoch 7/10
07/04/2023 23:29:09 ::INFO:: ***** Training loss : 0.26833
07/04/2023 23:29:09 ::INFO:: ***** Validation class acc : 999900.00%
07/04/2023 23:29:13 ::INFO:: Epoch 8/10
07/04/2023 23:29:13 ::INFO:: ***** Training loss : 0.17857
07/04/2023 23:29:13 ::INFO:: ***** Validation class acc : 999900.00%
07/04/2023 23:29:17 ::INFO:: Epoch 9/10
07/04/2023 23:29:17 ::INFO:: ***** Training loss : 0.07496
07/04/2023 23:29:17 ::INFO:: ***** Validation class acc : 999900.00%
07/04/2023 23:29:21 ::INFO:: Epoch 10/10
07/04/2023 23:29:21 ::INFO:: ***** Training loss : 0.03805
07/04/2023 23:29:21 ::INFO:: ***** Validation class acc : 999900.00%
07/04/2023 23:29:21 ::WARNING:: No saving has been requested for model.
