09/04/2023 14:28:53 ::INFO:: Model is ResNet34_Bilberry.
09/04/2023 14:28:53 ::INFO:: Pretrained is True
09/04/2023 14:28:53 ::INFO:: Learning rate = 0.001
09/04/2023 14:28:53 ::INFO:: Batch size = 32
09/04/2023 14:28:53 ::INFO:: Using optimizer : Adam (
Parameter Group 0
    amsgrad: False
    betas: (0.9, 0.999)
    capturable: False
    differentiable: False
    eps: 1e-08
    foreach: None
    fused: False
    lr: 0.001
    maximize: False
    weight_decay: 0.0005
)
09/04/2023 14:28:53 ::INFO:: Lr Scheduler : None
09/04/2023 14:28:53 ::INFO:: 
09/04/2023 14:28:53 ::INFO:: Start training
09/04/2023 14:28:53 ::INFO:: [START] : 2023-04-09 13:28:52
09/04/2023 14:28:54 ::INFO:: Start validation loop
09/04/2023 14:28:57 ::INFO:: Start validation loop
09/04/2023 14:28:58 ::INFO:: Epoch 1/50
09/04/2023 14:28:58 ::INFO:: ** Training loss : 0.36993
09/04/2023 14:28:58 ::INFO:: ** Validation loss : 0.28456
09/04/2023 14:28:58 ::INFO:: ***** Training acc : 100.00%
09/04/2023 14:28:58 ::INFO:: ***** Validation acc : 88.89%
09/04/2023 14:28:59 ::INFO:: Start validation loop
09/04/2023 14:29:01 ::INFO:: Start validation loop
09/04/2023 14:29:02 ::INFO:: Epoch 2/50
09/04/2023 14:29:02 ::INFO:: ** Training loss : 0.10303
09/04/2023 14:29:02 ::INFO:: ** Validation loss : 0.15346
09/04/2023 14:29:02 ::INFO:: ***** Training acc : 90.91%
09/04/2023 14:29:02 ::INFO:: ***** Validation acc : 95.56%
09/04/2023 14:29:03 ::INFO:: Start validation loop
09/04/2023 14:29:05 ::INFO:: Start validation loop
09/04/2023 14:29:06 ::INFO:: Epoch 3/50
09/04/2023 14:29:06 ::INFO:: ** Training loss : 0.01896
09/04/2023 14:29:06 ::INFO:: ** Validation loss : 0.01393
09/04/2023 14:29:06 ::INFO:: ***** Training acc : 100.00%
09/04/2023 14:29:06 ::INFO:: ***** Validation acc : 100.00%
09/04/2023 14:29:07 ::INFO:: Start validation loop
09/04/2023 14:29:10 ::INFO:: Start validation loop
09/04/2023 14:29:11 ::INFO:: Epoch 4/50
09/04/2023 14:29:11 ::INFO:: ** Training loss : 0.02442
09/04/2023 14:29:11 ::INFO:: ** Validation loss : 0.00716
09/04/2023 14:29:11 ::INFO:: ***** Training acc : 100.00%
09/04/2023 14:29:11 ::INFO:: ***** Validation acc : 100.00%
09/04/2023 14:29:12 ::INFO:: Start validation loop
09/04/2023 14:29:15 ::INFO:: Start validation loop
09/04/2023 14:29:16 ::INFO:: Epoch 5/50
09/04/2023 14:29:16 ::INFO:: ** Training loss : 0.01659
09/04/2023 14:29:16 ::INFO:: ** Validation loss : 0.00576
09/04/2023 14:29:16 ::INFO:: ***** Training acc : 100.00%
09/04/2023 14:29:16 ::INFO:: ***** Validation acc : 100.00%
09/04/2023 14:29:17 ::INFO:: Start validation loop
09/04/2023 14:29:20 ::INFO:: Start validation loop
09/04/2023 14:29:21 ::INFO:: Epoch 6/50
09/04/2023 14:29:21 ::INFO:: ** Training loss : 0.02452
09/04/2023 14:29:21 ::INFO:: ** Validation loss : 0.00584
09/04/2023 14:29:21 ::INFO:: ***** Training acc : 90.91%
09/04/2023 14:29:21 ::INFO:: ***** Validation acc : 100.00%
09/04/2023 14:29:22 ::INFO:: Start validation loop
09/04/2023 14:29:24 ::INFO:: Start validation loop
09/04/2023 14:29:25 ::INFO:: Epoch 7/50
09/04/2023 14:29:25 ::INFO:: ** Training loss : 0.00591
09/04/2023 14:29:25 ::INFO:: ** Validation loss : 0.02936
09/04/2023 14:29:25 ::INFO:: ***** Training acc : 100.00%
09/04/2023 14:29:25 ::INFO:: ***** Validation acc : 97.78%
09/04/2023 14:29:26 ::INFO:: Start validation loop
09/04/2023 14:29:29 ::INFO:: Start validation loop
09/04/2023 14:29:29 ::INFO:: Epoch 8/50
09/04/2023 14:29:29 ::INFO:: ** Training loss : 0.01540
09/04/2023 14:29:29 ::INFO:: ** Validation loss : 0.00477
09/04/2023 14:29:29 ::INFO:: ***** Training acc : 100.00%
09/04/2023 14:29:29 ::INFO:: ***** Validation acc : 100.00%
09/04/2023 14:29:30 ::INFO:: Start validation loop
09/04/2023 14:29:33 ::INFO:: Start validation loop
09/04/2023 14:29:34 ::INFO:: Epoch 9/50
09/04/2023 14:29:34 ::INFO:: ** Training loss : 0.02490
09/04/2023 14:29:34 ::INFO:: ** Validation loss : 0.00349
09/04/2023 14:29:34 ::INFO:: ***** Training acc : 100.00%
09/04/2023 14:29:34 ::INFO:: ***** Validation acc : 100.00%
09/04/2023 14:29:34 ::INFO:: Start validation loop
09/04/2023 14:29:37 ::INFO:: Start validation loop
09/04/2023 14:29:38 ::INFO:: Epoch 10/50
09/04/2023 14:29:38 ::INFO:: ** Training loss : 0.00361
09/04/2023 14:29:38 ::INFO:: ** Validation loss : 0.00330
09/04/2023 14:29:38 ::INFO:: ***** Training acc : 100.00%
09/04/2023 14:29:38 ::INFO:: ***** Validation acc : 100.00%
09/04/2023 14:29:39 ::INFO:: Start validation loop
09/04/2023 14:29:42 ::INFO:: Start validation loop
09/04/2023 14:29:43 ::INFO:: Epoch 11/50
09/04/2023 14:29:43 ::INFO:: ** Training loss : 0.03594
09/04/2023 14:29:43 ::INFO:: ** Validation loss : 0.00331
09/04/2023 14:29:43 ::INFO:: ***** Training acc : 90.91%
09/04/2023 14:29:43 ::INFO:: ***** Validation acc : 100.00%
09/04/2023 14:29:43 ::INFO:: Start validation loop
09/04/2023 14:29:46 ::INFO:: Start validation loop
09/04/2023 14:29:47 ::INFO:: Epoch 12/50
09/04/2023 14:29:47 ::INFO:: ** Training loss : 0.09053
09/04/2023 14:29:47 ::INFO:: ** Validation loss : 0.02323
09/04/2023 14:29:47 ::INFO:: ***** Training acc : 90.91%
09/04/2023 14:29:47 ::INFO:: ***** Validation acc : 97.78%
09/04/2023 14:29:48 ::INFO:: Start validation loop
09/04/2023 14:29:51 ::INFO:: Start validation loop
09/04/2023 14:29:52 ::INFO:: Epoch 13/50
09/04/2023 14:29:52 ::INFO:: ** Training loss : 0.03503
09/04/2023 14:29:52 ::INFO:: ** Validation loss : 0.00452
09/04/2023 14:29:52 ::INFO:: ***** Training acc : 100.00%
09/04/2023 14:29:52 ::INFO:: ***** Validation acc : 100.00%
09/04/2023 14:29:52 ::INFO:: Start validation loop
09/04/2023 14:29:56 ::INFO:: Start validation loop
09/04/2023 14:29:57 ::INFO:: Epoch 14/50
09/04/2023 14:29:57 ::INFO:: ** Training loss : 0.05292
09/04/2023 14:29:57 ::INFO:: ** Validation loss : 0.00453
09/04/2023 14:29:57 ::INFO:: ***** Training acc : 100.00%
09/04/2023 14:29:57 ::INFO:: ***** Validation acc : 100.00%
09/04/2023 14:29:57 ::INFO:: Start validation loop
09/04/2023 14:30:00 ::INFO:: Start validation loop
09/04/2023 14:30:01 ::INFO:: Epoch 15/50
09/04/2023 14:30:01 ::INFO:: ** Training loss : 0.02041
09/04/2023 14:30:01 ::INFO:: ** Validation loss : 0.00499
09/04/2023 14:30:01 ::INFO:: ***** Training acc : 100.00%
09/04/2023 14:30:01 ::INFO:: ***** Validation acc : 100.00%
09/04/2023 14:30:02 ::INFO:: Start validation loop
09/04/2023 14:30:04 ::INFO:: Start validation loop
09/04/2023 14:30:05 ::INFO:: Epoch 16/50
09/04/2023 14:30:05 ::INFO:: ** Training loss : 0.00486
09/04/2023 14:30:05 ::INFO:: ** Validation loss : 0.00427
09/04/2023 14:30:05 ::INFO:: ***** Training acc : 100.00%
09/04/2023 14:30:05 ::INFO:: ***** Validation acc : 100.00%
09/04/2023 14:30:06 ::INFO:: Start validation loop
09/04/2023 14:30:08 ::INFO:: Start validation loop
09/04/2023 14:30:09 ::INFO:: Epoch 17/50
09/04/2023 14:30:09 ::INFO:: ** Training loss : 0.00438
09/04/2023 14:30:09 ::INFO:: ** Validation loss : 0.00378
09/04/2023 14:30:09 ::INFO:: ***** Training acc : 100.00%
09/04/2023 14:30:09 ::INFO:: ***** Validation acc : 100.00%
09/04/2023 14:30:10 ::INFO:: Start validation loop
09/04/2023 14:30:13 ::INFO:: Start validation loop
09/04/2023 14:30:14 ::INFO:: Epoch 18/50
09/04/2023 14:30:14 ::INFO:: ** Training loss : 0.02151
09/04/2023 14:30:14 ::INFO:: ** Validation loss : 0.00359
09/04/2023 14:30:14 ::INFO:: ***** Training acc : 90.91%
09/04/2023 14:30:14 ::INFO:: ***** Validation acc : 100.00%
09/04/2023 14:30:14 ::INFO:: Start validation loop
09/04/2023 14:30:17 ::INFO:: Start validation loop
09/04/2023 14:30:18 ::INFO:: Epoch 19/50
09/04/2023 14:30:18 ::INFO:: ** Training loss : 0.00561
09/04/2023 14:30:18 ::INFO:: ** Validation loss : 0.00558
09/04/2023 14:30:18 ::INFO:: ***** Training acc : 100.00%
09/04/2023 14:30:18 ::INFO:: ***** Validation acc : 100.00%
09/04/2023 14:30:18 ::INFO:: Start validation loop
09/04/2023 14:30:21 ::INFO:: Start validation loop
09/04/2023 14:30:22 ::INFO:: Epoch 20/50
09/04/2023 14:30:22 ::INFO:: ** Training loss : 0.02829
09/04/2023 14:30:22 ::INFO:: ** Validation loss : 0.00312
09/04/2023 14:30:22 ::INFO:: ***** Training acc : 100.00%
09/04/2023 14:30:22 ::INFO:: ***** Validation acc : 100.00%
09/04/2023 14:30:23 ::INFO:: Start validation loop
09/04/2023 14:30:25 ::INFO:: Start validation loop
09/04/2023 14:30:26 ::INFO:: Epoch 21/50
09/04/2023 14:30:26 ::INFO:: ** Training loss : 0.00365
09/04/2023 14:30:26 ::INFO:: ** Validation loss : 0.00329
09/04/2023 14:30:26 ::INFO:: ***** Training acc : 100.00%
09/04/2023 14:30:26 ::INFO:: ***** Validation acc : 100.00%
09/04/2023 14:30:27 ::INFO:: Start validation loop
09/04/2023 14:30:29 ::INFO:: Start validation loop
09/04/2023 14:30:30 ::INFO:: Epoch 22/50
09/04/2023 14:30:30 ::INFO:: ** Training loss : 0.00316
09/04/2023 14:30:30 ::INFO:: ** Validation loss : 0.00259
09/04/2023 14:30:30 ::INFO:: ***** Training acc : 100.00%
09/04/2023 14:30:30 ::INFO:: ***** Validation acc : 100.00%
09/04/2023 14:30:31 ::INFO:: Start validation loop
09/04/2023 14:30:33 ::INFO:: Start validation loop
09/04/2023 14:30:34 ::INFO:: Epoch 23/50
09/04/2023 14:30:34 ::INFO:: ** Training loss : 0.15227
09/04/2023 14:30:34 ::INFO:: ** Validation loss : 0.00279
09/04/2023 14:30:34 ::INFO:: ***** Training acc : 90.91%
09/04/2023 14:30:34 ::INFO:: ***** Validation acc : 100.00%
09/04/2023 14:30:35 ::INFO:: Start validation loop
09/04/2023 14:30:38 ::INFO:: Start validation loop
09/04/2023 14:30:38 ::INFO:: Epoch 24/50
09/04/2023 14:30:38 ::INFO:: ** Training loss : 0.04265
09/04/2023 14:30:38 ::INFO:: ** Validation loss : 0.00327
09/04/2023 14:30:38 ::INFO:: ***** Training acc : 100.00%
09/04/2023 14:30:38 ::INFO:: ***** Validation acc : 100.00%
09/04/2023 14:30:39 ::INFO:: Start validation loop
09/04/2023 14:30:42 ::INFO:: Start validation loop
09/04/2023 14:30:43 ::INFO:: Epoch 25/50
09/04/2023 14:30:43 ::INFO:: ** Training loss : 0.00292
09/04/2023 14:30:43 ::INFO:: ** Validation loss : 0.05183
09/04/2023 14:30:43 ::INFO:: ***** Training acc : 100.00%
09/04/2023 14:30:43 ::INFO:: ***** Validation acc : 97.78%
09/04/2023 14:30:43 ::INFO:: Start validation loop
09/04/2023 14:30:46 ::INFO:: Start validation loop
09/04/2023 14:30:47 ::INFO:: Epoch 26/50
09/04/2023 14:30:47 ::INFO:: ** Training loss : 0.01723
09/04/2023 14:30:47 ::INFO:: ** Validation loss : 0.00373
09/04/2023 14:30:47 ::INFO:: ***** Training acc : 100.00%
09/04/2023 14:30:47 ::INFO:: ***** Validation acc : 100.00%
09/04/2023 14:30:47 ::INFO:: Start validation loop
09/04/2023 14:30:50 ::INFO:: Start validation loop
09/04/2023 14:30:51 ::INFO:: Epoch 27/50
09/04/2023 14:30:51 ::INFO:: ** Training loss : 0.00404
09/04/2023 14:30:51 ::INFO:: ** Validation loss : 0.00527
09/04/2023 14:30:51 ::INFO:: ***** Training acc : 100.00%
09/04/2023 14:30:51 ::INFO:: ***** Validation acc : 100.00%
09/04/2023 14:30:52 ::INFO:: Start validation loop
09/04/2023 14:30:54 ::INFO:: Start validation loop
09/04/2023 14:30:55 ::INFO:: Epoch 28/50
09/04/2023 14:30:55 ::INFO:: ** Training loss : 0.00737
09/04/2023 14:30:55 ::INFO:: ** Validation loss : 0.00629
09/04/2023 14:30:55 ::INFO:: ***** Training acc : 100.00%
09/04/2023 14:30:55 ::INFO:: ***** Validation acc : 100.00%
09/04/2023 14:30:56 ::INFO:: Start validation loop
09/04/2023 14:30:59 ::INFO:: Start validation loop
09/04/2023 14:30:59 ::INFO:: Epoch 29/50
09/04/2023 14:30:59 ::INFO:: ** Training loss : 0.00613
09/04/2023 14:30:59 ::INFO:: ** Validation loss : 0.00374
09/04/2023 14:30:59 ::INFO:: ***** Training acc : 100.00%
09/04/2023 14:30:59 ::INFO:: ***** Validation acc : 100.00%
09/04/2023 14:31:00 ::INFO:: Start validation loop
09/04/2023 14:31:03 ::INFO:: Start validation loop
09/04/2023 14:31:04 ::INFO:: Epoch 30/50
09/04/2023 14:31:04 ::INFO:: ** Training loss : 0.00317
09/04/2023 14:31:04 ::INFO:: ** Validation loss : 0.04306
09/04/2023 14:31:04 ::INFO:: ***** Training acc : 100.00%
09/04/2023 14:31:04 ::INFO:: ***** Validation acc : 97.78%
09/04/2023 14:31:04 ::INFO:: Start validation loop
09/04/2023 14:31:07 ::INFO:: Start validation loop
09/04/2023 14:31:08 ::INFO:: Epoch 31/50
09/04/2023 14:31:08 ::INFO:: ** Training loss : 0.01516
09/04/2023 14:31:08 ::INFO:: ** Validation loss : 0.00285
09/04/2023 14:31:08 ::INFO:: ***** Training acc : 100.00%
09/04/2023 14:31:08 ::INFO:: ***** Validation acc : 100.00%
09/04/2023 14:31:09 ::INFO:: Start validation loop
09/04/2023 14:31:11 ::INFO:: Start validation loop
09/04/2023 14:31:12 ::INFO:: Epoch 32/50
09/04/2023 14:31:12 ::INFO:: ** Training loss : 0.01235
09/04/2023 14:31:12 ::INFO:: ** Validation loss : 0.00265
09/04/2023 14:31:12 ::INFO:: ***** Training acc : 100.00%
09/04/2023 14:31:12 ::INFO:: ***** Validation acc : 100.00%
09/04/2023 14:31:13 ::INFO:: Start validation loop
09/04/2023 14:31:15 ::INFO:: Start validation loop
09/04/2023 14:31:16 ::INFO:: Epoch 33/50
09/04/2023 14:31:16 ::INFO:: ** Training loss : 0.00273
09/04/2023 14:31:16 ::INFO:: ** Validation loss : 0.00559
09/04/2023 14:31:16 ::INFO:: ***** Training acc : 100.00%
09/04/2023 14:31:16 ::INFO:: ***** Validation acc : 100.00%
09/04/2023 14:31:17 ::INFO:: Start validation loop
09/04/2023 14:31:19 ::INFO:: Start validation loop
09/04/2023 14:31:20 ::INFO:: Epoch 34/50
09/04/2023 14:31:20 ::INFO:: ** Training loss : 0.02812
09/04/2023 14:31:20 ::INFO:: ** Validation loss : 0.00354
09/04/2023 14:31:20 ::INFO:: ***** Training acc : 100.00%
09/04/2023 14:31:20 ::INFO:: ***** Validation acc : 100.00%
09/04/2023 14:31:21 ::INFO:: Start validation loop
09/04/2023 14:31:23 ::INFO:: Start validation loop
09/04/2023 14:31:24 ::INFO:: Epoch 35/50
09/04/2023 14:31:24 ::INFO:: ** Training loss : 0.01352
09/04/2023 14:31:24 ::INFO:: ** Validation loss : 0.00305
09/04/2023 14:31:24 ::INFO:: ***** Training acc : 100.00%
09/04/2023 14:31:24 ::INFO:: ***** Validation acc : 100.00%
09/04/2023 14:31:25 ::INFO:: Start validation loop
09/04/2023 14:31:28 ::INFO:: Start validation loop
09/04/2023 14:31:28 ::INFO:: Epoch 36/50
09/04/2023 14:31:28 ::INFO:: ** Training loss : 0.01424
09/04/2023 14:31:28 ::INFO:: ** Validation loss : 0.00208
09/04/2023 14:31:28 ::INFO:: ***** Training acc : 100.00%
09/04/2023 14:31:28 ::INFO:: ***** Validation acc : 100.00%
09/04/2023 14:31:29 ::INFO:: Start validation loop
09/04/2023 14:31:32 ::INFO:: Start validation loop
09/04/2023 14:31:33 ::INFO:: Epoch 37/50
09/04/2023 14:31:33 ::INFO:: ** Training loss : 0.00962
09/04/2023 14:31:33 ::INFO:: ** Validation loss : 0.00225
09/04/2023 14:31:33 ::INFO:: ***** Training acc : 100.00%
09/04/2023 14:31:33 ::INFO:: ***** Validation acc : 100.00%
09/04/2023 14:31:33 ::INFO:: Start validation loop
09/04/2023 14:31:36 ::INFO:: Start validation loop
09/04/2023 14:31:37 ::INFO:: Epoch 38/50
09/04/2023 14:31:37 ::INFO:: ** Training loss : 0.00224
09/04/2023 14:31:37 ::INFO:: ** Validation loss : 0.00188
09/04/2023 14:31:37 ::INFO:: ***** Training acc : 100.00%
09/04/2023 14:31:37 ::INFO:: ***** Validation acc : 100.00%
09/04/2023 14:31:37 ::INFO:: Start validation loop
09/04/2023 14:31:40 ::INFO:: Start validation loop
09/04/2023 14:31:41 ::INFO:: Epoch 39/50
09/04/2023 14:31:41 ::INFO:: ** Training loss : 0.00220
09/04/2023 14:31:41 ::INFO:: ** Validation loss : 0.00187
09/04/2023 14:31:41 ::INFO:: ***** Training acc : 100.00%
09/04/2023 14:31:41 ::INFO:: ***** Validation acc : 100.00%
09/04/2023 14:31:41 ::INFO:: Start validation loop
09/04/2023 14:31:44 ::INFO:: Start validation loop
09/04/2023 14:31:45 ::INFO:: Epoch 40/50
09/04/2023 14:31:45 ::INFO:: ** Training loss : 0.00276
09/04/2023 14:31:45 ::INFO:: ** Validation loss : 0.00189
09/04/2023 14:31:45 ::INFO:: ***** Training acc : 100.00%
09/04/2023 14:31:45 ::INFO:: ***** Validation acc : 100.00%
09/04/2023 14:31:46 ::INFO:: Start validation loop
09/04/2023 14:31:48 ::INFO:: Start validation loop
09/04/2023 14:31:49 ::INFO:: Epoch 41/50
09/04/2023 14:31:49 ::INFO:: ** Training loss : 0.00165
09/04/2023 14:31:49 ::INFO:: ** Validation loss : 0.00179
09/04/2023 14:31:49 ::INFO:: ***** Training acc : 100.00%
09/04/2023 14:31:49 ::INFO:: ***** Validation acc : 100.00%
09/04/2023 14:31:50 ::INFO:: Start validation loop
09/04/2023 14:31:52 ::INFO:: Start validation loop
09/04/2023 14:31:53 ::INFO:: Epoch 42/50
09/04/2023 14:31:53 ::INFO:: ** Training loss : 0.00165
09/04/2023 14:31:53 ::INFO:: ** Validation loss : 0.00256
09/04/2023 14:31:53 ::INFO:: ***** Training acc : 100.00%
09/04/2023 14:31:53 ::INFO:: ***** Validation acc : 100.00%
09/04/2023 14:31:54 ::INFO:: Start validation loop
09/04/2023 14:31:56 ::INFO:: Start validation loop
09/04/2023 14:31:57 ::INFO:: Epoch 43/50
09/04/2023 14:31:57 ::INFO:: ** Training loss : 0.00161
09/04/2023 14:31:57 ::INFO:: ** Validation loss : 0.00163
09/04/2023 14:31:57 ::INFO:: ***** Training acc : 100.00%
09/04/2023 14:31:57 ::INFO:: ***** Validation acc : 100.00%
09/04/2023 14:31:58 ::INFO:: Start validation loop
09/04/2023 14:32:01 ::INFO:: Start validation loop
09/04/2023 14:32:01 ::INFO:: Epoch 44/50
09/04/2023 14:32:01 ::INFO:: ** Training loss : 0.06037
09/04/2023 14:32:01 ::INFO:: ** Validation loss : 0.00173
09/04/2023 14:32:01 ::INFO:: ***** Training acc : 90.91%
09/04/2023 14:32:01 ::INFO:: ***** Validation acc : 100.00%
09/04/2023 14:32:02 ::INFO:: Start validation loop
09/04/2023 14:32:05 ::INFO:: Start validation loop
09/04/2023 14:32:06 ::INFO:: Epoch 45/50
09/04/2023 14:32:06 ::INFO:: ** Training loss : 0.00301
09/04/2023 14:32:06 ::INFO:: ** Validation loss : 0.24170
09/04/2023 14:32:06 ::INFO:: ***** Training acc : 100.00%
09/04/2023 14:32:06 ::INFO:: ***** Validation acc : 88.89%
09/04/2023 14:32:06 ::INFO:: Start validation loop
09/04/2023 14:32:09 ::INFO:: Start validation loop
09/04/2023 14:32:10 ::INFO:: Epoch 46/50
09/04/2023 14:32:10 ::INFO:: ** Training loss : 0.07946
09/04/2023 14:32:10 ::INFO:: ** Validation loss : 0.00264
09/04/2023 14:32:10 ::INFO:: ***** Training acc : 100.00%
09/04/2023 14:32:10 ::INFO:: ***** Validation acc : 100.00%
09/04/2023 14:32:10 ::INFO:: Start validation loop
09/04/2023 14:32:13 ::INFO:: Start validation loop
09/04/2023 14:32:14 ::INFO:: Epoch 47/50
09/04/2023 14:32:14 ::INFO:: ** Training loss : 0.00583
09/04/2023 14:32:14 ::INFO:: ** Validation loss : 0.16411
09/04/2023 14:32:14 ::INFO:: ***** Training acc : 100.00%
09/04/2023 14:32:14 ::INFO:: ***** Validation acc : 97.78%
09/04/2023 14:32:15 ::INFO:: Start validation loop
09/04/2023 14:32:17 ::INFO:: Start validation loop
09/04/2023 14:32:18 ::INFO:: Epoch 48/50
09/04/2023 14:32:18 ::INFO:: ** Training loss : 0.03057
09/04/2023 14:32:18 ::INFO:: ** Validation loss : 0.10179
09/04/2023 14:32:18 ::INFO:: ***** Training acc : 100.00%
09/04/2023 14:32:18 ::INFO:: ***** Validation acc : 95.56%
09/04/2023 14:32:19 ::INFO:: Start validation loop
09/04/2023 14:32:21 ::INFO:: Start validation loop
09/04/2023 14:32:22 ::INFO:: Epoch 49/50
09/04/2023 14:32:22 ::INFO:: ** Training loss : 0.00928
09/04/2023 14:32:22 ::INFO:: ** Validation loss : 0.00481
09/04/2023 14:32:22 ::INFO:: ***** Training acc : 100.00%
09/04/2023 14:32:22 ::INFO:: ***** Validation acc : 100.00%
09/04/2023 14:32:23 ::INFO:: Start validation loop
09/04/2023 14:32:25 ::INFO:: Start validation loop
09/04/2023 14:32:26 ::INFO:: Epoch 50/50
09/04/2023 14:32:26 ::INFO:: ** Training loss : 0.01078
09/04/2023 14:32:26 ::INFO:: ** Validation loss : 0.00213
09/04/2023 14:32:26 ::INFO:: ***** Training acc : 100.00%
09/04/2023 14:32:26 ::INFO:: ***** Validation acc : 100.00%
09/04/2023 14:32:26 ::INFO:: 

09/04/2023 14:32:26 ::INFO:: Model saved to ResNet34_Bilberry_50epochs_09042023_14h32.pt.
09/04/2023 14:32:26 ::INFO:: Time duration: 0:03:33.766735.
09/04/2023 14:32:26 ::INFO:: End training.
