08/04/2023 11:15:26 ::INFO:: Model is ResNet50_FirstTry.
08/04/2023 11:15:26 ::INFO:: Pretrained is True
08/04/2023 11:15:26 ::INFO:: Learning rate = 0.001
08/04/2023 11:15:26 ::INFO:: Batch size = 16
08/04/2023 11:15:26 ::INFO:: Using optimizer : Adam (
Parameter Group 0
    amsgrad: False
    betas: (0.9, 0.999)
    capturable: False
    differentiable: False
    eps: 1e-08
    foreach: None
    fused: False
    lr: 0.001
    maximize: False
    weight_decay: 0.0005
)
08/04/2023 11:15:26 ::INFO:: Lr Scheduler : None
08/04/2023 11:15:26 ::INFO:: 
08/04/2023 11:15:26 ::INFO:: Start training
08/04/2023 11:15:26 ::INFO:: [START] : 2023-04-08 10:15:25
08/04/2023 11:15:27 ::INFO:: Start validation loop
08/04/2023 11:15:32 ::INFO:: Start validation loop
08/04/2023 11:15:33 ::INFO:: Epoch 1/10
08/04/2023 11:15:33 ::INFO:: ***** Training loss : 0.66698
08/04/2023 11:15:33 ::INFO:: ***** Training acc : 81.82%
08/04/2023 11:15:33 ::INFO:: ***** Validation acc : 73.33%
08/04/2023 11:15:34 ::INFO:: Start validation loop
08/04/2023 11:15:39 ::INFO:: Start validation loop
08/04/2023 11:15:40 ::INFO:: Epoch 2/10
08/04/2023 11:15:40 ::INFO:: ***** Training loss : 0.56495
08/04/2023 11:15:40 ::INFO:: ***** Training acc : 90.91%
08/04/2023 11:15:40 ::INFO:: ***** Validation acc : 73.33%
08/04/2023 11:15:41 ::INFO:: Start validation loop
08/04/2023 11:15:46 ::INFO:: Start validation loop
08/04/2023 11:15:47 ::INFO:: Epoch 3/10
08/04/2023 11:15:47 ::INFO:: ***** Training loss : 0.55651
08/04/2023 11:15:47 ::INFO:: ***** Training acc : 72.73%
08/04/2023 11:15:47 ::INFO:: ***** Validation acc : 73.33%
08/04/2023 11:15:48 ::INFO:: Start validation loop
08/04/2023 11:15:52 ::INFO:: Start validation loop
08/04/2023 11:15:54 ::INFO:: Epoch 4/10
08/04/2023 11:15:54 ::INFO:: ***** Training loss : 0.52864
08/04/2023 11:15:54 ::INFO:: ***** Training acc : 90.91%
08/04/2023 11:15:54 ::INFO:: ***** Validation acc : 82.22%
08/04/2023 11:15:55 ::INFO:: Start validation loop
08/04/2023 11:15:59 ::INFO:: Start validation loop
08/04/2023 11:16:01 ::INFO:: Epoch 5/10
08/04/2023 11:16:01 ::INFO:: ***** Training loss : 0.44479
08/04/2023 11:16:01 ::INFO:: ***** Training acc : 100.00%
08/04/2023 11:16:01 ::INFO:: ***** Validation acc : 80.00%
08/04/2023 11:16:01 ::INFO:: Start validation loop
08/04/2023 11:16:06 ::INFO:: Start validation loop
08/04/2023 11:16:08 ::INFO:: Epoch 6/10
08/04/2023 11:16:08 ::INFO:: ***** Training loss : 0.37840
08/04/2023 11:16:08 ::INFO:: ***** Training acc : 63.64%
08/04/2023 11:16:08 ::INFO:: ***** Validation acc : 100.00%
08/04/2023 11:16:08 ::INFO:: Start validation loop
08/04/2023 11:16:13 ::INFO:: Start validation loop
08/04/2023 11:16:14 ::INFO:: Epoch 7/10
08/04/2023 11:16:14 ::INFO:: ***** Training loss : 0.26328
08/04/2023 11:16:14 ::INFO:: ***** Training acc : 90.91%
08/04/2023 11:16:14 ::INFO:: ***** Validation acc : 95.56%
08/04/2023 11:16:15 ::INFO:: Start validation loop
08/04/2023 11:16:19 ::INFO:: Start validation loop
08/04/2023 11:16:21 ::INFO:: Epoch 8/10
08/04/2023 11:16:21 ::INFO:: ***** Training loss : 0.16050
08/04/2023 11:16:21 ::INFO:: ***** Training acc : 100.00%
08/04/2023 11:16:21 ::INFO:: ***** Validation acc : 100.00%
08/04/2023 11:16:21 ::INFO:: Start validation loop
08/04/2023 11:16:26 ::INFO:: Start validation loop
08/04/2023 11:16:27 ::INFO:: Epoch 9/10
08/04/2023 11:16:27 ::INFO:: ***** Training loss : 0.20920
08/04/2023 11:16:27 ::INFO:: ***** Training acc : 100.00%
08/04/2023 11:16:27 ::INFO:: ***** Validation acc : 95.56%
08/04/2023 11:16:28 ::INFO:: Start validation loop
08/04/2023 11:16:32 ::INFO:: Start validation loop
08/04/2023 11:16:34 ::INFO:: Epoch 10/10
08/04/2023 11:16:34 ::INFO:: ***** Training loss : 0.20840
08/04/2023 11:16:34 ::INFO:: ***** Training acc : 100.00%
08/04/2023 11:16:34 ::INFO:: ***** Validation acc : 88.89%
08/04/2023 11:16:34 ::WARNING:: No saving has been requested for model.
08/04/2023 11:16:34 ::WARNING:: No saving has been requested for losses.
08/04/2023 11:16:34 ::INFO:: Time duration: 0:01:08.104746.
08/04/2023 11:16:34 ::INFO:: End training.
