08/04/2023 11:46:48 ::INFO:: Model is ResNet50_FirstTry.
08/04/2023 11:46:48 ::INFO:: Pretrained is True
08/04/2023 11:46:48 ::INFO:: Learning rate = 0.001
08/04/2023 11:46:48 ::INFO:: Batch size = 16
08/04/2023 11:46:48 ::INFO:: Using optimizer : Adam (
Parameter Group 0
    amsgrad: False
    betas: (0.9, 0.999)
    capturable: False
    differentiable: False
    eps: 1e-08
    foreach: None
    fused: False
    lr: 0.001
    maximize: False
    weight_decay: 0.0005
)
08/04/2023 11:46:48 ::INFO:: Lr Scheduler : None
08/04/2023 11:46:48 ::INFO:: 
08/04/2023 11:46:48 ::INFO:: Start training
08/04/2023 11:46:48 ::INFO:: [START] : 2023-04-08 10:46:47
08/04/2023 11:46:49 ::INFO:: Start validation loop
08/04/2023 11:46:53 ::INFO:: Start validation loop
08/04/2023 11:46:55 ::INFO:: Epoch 1/10
08/04/2023 11:46:55 ::INFO:: ** Training loss : 0.41949
08/04/2023 11:46:55 ::INFO:: ** Validation loss : 0.15156
08/04/2023 11:46:55 ::INFO:: ***** Training acc : 72.73%
08/04/2023 11:46:55 ::INFO:: ***** Validation acc : 97.78%
08/04/2023 11:46:55 ::INFO:: Start validation loop
08/04/2023 11:47:00 ::INFO:: Start validation loop
08/04/2023 11:47:01 ::INFO:: Epoch 2/10
08/04/2023 11:47:01 ::INFO:: ** Training loss : 0.33347
08/04/2023 11:47:01 ::INFO:: ** Validation loss : 0.17866
08/04/2023 11:47:01 ::INFO:: ***** Training acc : 81.82%
08/04/2023 11:47:01 ::INFO:: ***** Validation acc : 97.78%
08/04/2023 11:47:02 ::INFO:: Start validation loop
08/04/2023 11:47:06 ::INFO:: Start validation loop
08/04/2023 11:47:08 ::INFO:: Epoch 3/10
08/04/2023 11:47:08 ::INFO:: ** Training loss : 0.16108
08/04/2023 11:47:08 ::INFO:: ** Validation loss : 0.06844
08/04/2023 11:47:08 ::INFO:: ***** Training acc : 100.00%
08/04/2023 11:47:08 ::INFO:: ***** Validation acc : 97.78%
08/04/2023 11:47:08 ::INFO:: Start validation loop
08/04/2023 11:47:13 ::INFO:: Start validation loop
08/04/2023 11:47:14 ::INFO:: Epoch 4/10
08/04/2023 11:47:14 ::INFO:: ** Training loss : 0.11990
08/04/2023 11:47:14 ::INFO:: ** Validation loss : 0.05819
08/04/2023 11:47:14 ::INFO:: ***** Training acc : 100.00%
08/04/2023 11:47:14 ::INFO:: ***** Validation acc : 97.78%
08/04/2023 11:47:15 ::INFO:: Start validation loop
08/04/2023 11:47:20 ::INFO:: Start validation loop
08/04/2023 11:47:21 ::INFO:: Epoch 5/10
08/04/2023 11:47:21 ::INFO:: ** Training loss : 0.19837
08/04/2023 11:47:21 ::INFO:: ** Validation loss : 0.05783
08/04/2023 11:47:21 ::INFO:: ***** Training acc : 81.82%
08/04/2023 11:47:21 ::INFO:: ***** Validation acc : 97.78%
08/04/2023 11:47:21 ::INFO:: Start validation loop
08/04/2023 11:47:26 ::INFO:: Start validation loop
08/04/2023 11:47:28 ::INFO:: Epoch 6/10
08/04/2023 11:47:28 ::INFO:: ** Training loss : 0.08391
08/04/2023 11:47:28 ::INFO:: ** Validation loss : 0.05259
08/04/2023 11:47:28 ::INFO:: ***** Training acc : 90.91%
08/04/2023 11:47:28 ::INFO:: ***** Validation acc : 97.78%
08/04/2023 11:47:28 ::INFO:: Start validation loop
08/04/2023 11:47:33 ::INFO:: Start validation loop
08/04/2023 11:47:34 ::INFO:: Epoch 7/10
08/04/2023 11:47:34 ::INFO:: ** Training loss : 0.11743
08/04/2023 11:47:34 ::INFO:: ** Validation loss : 0.05329
08/04/2023 11:47:34 ::INFO:: ***** Training acc : 100.00%
08/04/2023 11:47:34 ::INFO:: ***** Validation acc : 97.78%
08/04/2023 11:47:34 ::INFO:: Start validation loop
08/04/2023 11:47:39 ::INFO:: Start validation loop
08/04/2023 11:47:40 ::INFO:: Epoch 8/10
08/04/2023 11:47:40 ::INFO:: ** Training loss : 0.11523
08/04/2023 11:47:40 ::INFO:: ** Validation loss : 0.04823
08/04/2023 11:47:40 ::INFO:: ***** Training acc : 100.00%
08/04/2023 11:47:40 ::INFO:: ***** Validation acc : 100.00%
08/04/2023 11:47:41 ::INFO:: Start validation loop
08/04/2023 11:47:45 ::INFO:: Start validation loop
08/04/2023 11:47:46 ::INFO:: Epoch 9/10
08/04/2023 11:47:46 ::INFO:: ** Training loss : 0.15442
08/04/2023 11:47:46 ::INFO:: ** Validation loss : 0.12776
08/04/2023 11:47:46 ::INFO:: ***** Training acc : 90.91%
08/04/2023 11:47:46 ::INFO:: ***** Validation acc : 95.56%
08/04/2023 11:47:47 ::INFO:: Start validation loop
08/04/2023 11:47:51 ::INFO:: Start validation loop
08/04/2023 11:47:53 ::INFO:: Epoch 10/10
08/04/2023 11:47:53 ::INFO:: ** Training loss : 0.30160
08/04/2023 11:47:53 ::INFO:: ** Validation loss : 0.07197
08/04/2023 11:47:53 ::INFO:: ***** Training acc : 81.82%
08/04/2023 11:47:53 ::INFO:: ***** Validation acc : 100.00%
08/04/2023 11:47:53 ::WARNING:: No saving has been requested for model.
08/04/2023 11:47:53 ::WARNING:: No saving has been requested for losses.
08/04/2023 11:47:53 ::INFO:: Time duration: 0:01:05.038331.
08/04/2023 11:47:53 ::INFO:: End training.
