10/04/2023 20:54:47 ::INFO:: Model is ResNet34_Bilberry_pretrainedNew.
10/04/2023 20:54:47 ::INFO:: Pretrained is True
10/04/2023 20:54:47 ::INFO:: Learning rate = 0.001
10/04/2023 20:54:47 ::INFO:: Batch size = 32
10/04/2023 20:54:47 ::INFO:: Using optimizer : Adam (
Parameter Group 0
    amsgrad: False
    betas: (0.9, 0.999)
    capturable: False
    differentiable: False
    eps: 1e-08
    foreach: None
    fused: False
    lr: 0.001
    maximize: False
    weight_decay: 0.0005
)
10/04/2023 20:54:47 ::INFO:: Lr Scheduler : None
10/04/2023 20:54:47 ::INFO:: 
10/04/2023 20:54:47 ::INFO:: Start training
10/04/2023 20:54:47 ::INFO:: [START] : 2023-04-10 19:54:46
10/04/2023 20:54:48 ::INFO:: Start validation loop
10/04/2023 20:54:50 ::INFO:: Start validation loop
10/04/2023 20:54:50 ::INFO:: Epoch 1/50
10/04/2023 20:54:50 ::INFO:: ** Training loss : 0.60318
10/04/2023 20:54:50 ::INFO:: ** Validation loss : 0.29942
10/04/2023 20:54:50 ::INFO:: ***** Training acc : 81.82%
10/04/2023 20:54:50 ::INFO:: ***** Validation acc : 86.67%
10/04/2023 20:54:51 ::INFO:: Start validation loop
10/04/2023 20:54:53 ::INFO:: Start validation loop
10/04/2023 20:54:53 ::INFO:: Epoch 2/50
10/04/2023 20:54:53 ::INFO:: ** Training loss : 0.17110
10/04/2023 20:54:53 ::INFO:: ** Validation loss : 0.08161
10/04/2023 20:54:53 ::INFO:: ***** Training acc : 100.00%
10/04/2023 20:54:53 ::INFO:: ***** Validation acc : 97.78%
10/04/2023 20:54:54 ::INFO:: Start validation loop
10/04/2023 20:54:56 ::INFO:: Start validation loop
10/04/2023 20:54:56 ::INFO:: Epoch 3/50
10/04/2023 20:54:56 ::INFO:: ** Training loss : 0.07373
10/04/2023 20:54:56 ::INFO:: ** Validation loss : 0.02586
10/04/2023 20:54:56 ::INFO:: ***** Training acc : 100.00%
10/04/2023 20:54:56 ::INFO:: ***** Validation acc : 97.78%
10/04/2023 20:54:57 ::INFO:: Start validation loop
10/04/2023 20:54:59 ::INFO:: Start validation loop
10/04/2023 20:54:59 ::INFO:: Epoch 4/50
10/04/2023 20:54:59 ::INFO:: ** Training loss : 0.03536
10/04/2023 20:54:59 ::INFO:: ** Validation loss : 0.00682
10/04/2023 20:54:59 ::INFO:: ***** Training acc : 100.00%
10/04/2023 20:54:59 ::INFO:: ***** Validation acc : 100.00%
10/04/2023 20:55:00 ::INFO:: Start validation loop
10/04/2023 20:55:02 ::INFO:: Start validation loop
10/04/2023 20:55:02 ::INFO:: Epoch 5/50
10/04/2023 20:55:02 ::INFO:: ** Training loss : 0.01634
10/04/2023 20:55:02 ::INFO:: ** Validation loss : 0.00506
10/04/2023 20:55:02 ::INFO:: ***** Training acc : 100.00%
10/04/2023 20:55:02 ::INFO:: ***** Validation acc : 100.00%
10/04/2023 20:55:03 ::INFO:: Start validation loop
10/04/2023 20:55:05 ::INFO:: Start validation loop
10/04/2023 20:55:05 ::INFO:: Epoch 6/50
10/04/2023 20:55:05 ::INFO:: ** Training loss : 0.01755
10/04/2023 20:55:05 ::INFO:: ** Validation loss : 0.00645
10/04/2023 20:55:05 ::INFO:: ***** Training acc : 100.00%
10/04/2023 20:55:05 ::INFO:: ***** Validation acc : 100.00%
10/04/2023 20:55:06 ::INFO:: Start validation loop
10/04/2023 20:55:07 ::INFO:: Start validation loop
10/04/2023 20:55:08 ::INFO:: Epoch 7/50
10/04/2023 20:55:08 ::INFO:: ** Training loss : 0.01131
10/04/2023 20:55:08 ::INFO:: ** Validation loss : 0.00408
10/04/2023 20:55:08 ::INFO:: ***** Training acc : 100.00%
10/04/2023 20:55:08 ::INFO:: ***** Validation acc : 100.00%
10/04/2023 20:55:09 ::INFO:: Start validation loop
10/04/2023 20:55:10 ::INFO:: Start validation loop
10/04/2023 20:55:11 ::INFO:: Epoch 8/50
10/04/2023 20:55:11 ::INFO:: ** Training loss : 0.00673
10/04/2023 20:55:11 ::INFO:: ** Validation loss : 0.00292
10/04/2023 20:55:11 ::INFO:: ***** Training acc : 100.00%
10/04/2023 20:55:11 ::INFO:: ***** Validation acc : 100.00%
10/04/2023 20:55:12 ::INFO:: Start validation loop
10/04/2023 20:55:13 ::INFO:: Start validation loop
10/04/2023 20:55:14 ::INFO:: Epoch 9/50
10/04/2023 20:55:14 ::INFO:: ** Training loss : 0.00571
10/04/2023 20:55:14 ::INFO:: ** Validation loss : 0.00266
10/04/2023 20:55:14 ::INFO:: ***** Training acc : 100.00%
10/04/2023 20:55:14 ::INFO:: ***** Validation acc : 100.00%
10/04/2023 20:55:15 ::INFO:: Start validation loop
10/04/2023 20:55:16 ::INFO:: Start validation loop
10/04/2023 20:55:17 ::INFO:: Epoch 10/50
10/04/2023 20:55:17 ::INFO:: ** Training loss : 0.00472
10/04/2023 20:55:17 ::INFO:: ** Validation loss : 0.00248
10/04/2023 20:55:17 ::INFO:: ***** Training acc : 100.00%
10/04/2023 20:55:17 ::INFO:: ***** Validation acc : 100.00%
10/04/2023 20:55:18 ::INFO:: Start validation loop
10/04/2023 20:55:19 ::INFO:: Start validation loop
10/04/2023 20:55:20 ::INFO:: Epoch 11/50
10/04/2023 20:55:20 ::INFO:: ** Training loss : 0.00554
10/04/2023 20:55:20 ::INFO:: ** Validation loss : 0.00211
10/04/2023 20:55:20 ::INFO:: ***** Training acc : 100.00%
10/04/2023 20:55:20 ::INFO:: ***** Validation acc : 100.00%
10/04/2023 20:55:21 ::INFO:: Start validation loop
10/04/2023 20:55:22 ::INFO:: Start validation loop
10/04/2023 20:55:23 ::INFO:: Epoch 12/50
10/04/2023 20:55:23 ::INFO:: ** Training loss : 0.00475
10/04/2023 20:55:23 ::INFO:: ** Validation loss : 0.00290
10/04/2023 20:55:23 ::INFO:: ***** Training acc : 100.00%
10/04/2023 20:55:23 ::INFO:: ***** Validation acc : 100.00%
10/04/2023 20:55:24 ::INFO:: Start validation loop
10/04/2023 20:55:25 ::INFO:: Start validation loop
10/04/2023 20:55:26 ::INFO:: Epoch 13/50
10/04/2023 20:55:26 ::INFO:: ** Training loss : 0.00359
10/04/2023 20:55:26 ::INFO:: ** Validation loss : 0.00231
10/04/2023 20:55:26 ::INFO:: ***** Training acc : 100.00%
10/04/2023 20:55:26 ::INFO:: ***** Validation acc : 100.00%
10/04/2023 20:55:27 ::INFO:: Start validation loop
10/04/2023 20:55:28 ::INFO:: Start validation loop
10/04/2023 20:55:29 ::INFO:: Epoch 14/50
10/04/2023 20:55:29 ::INFO:: ** Training loss : 0.00334
10/04/2023 20:55:29 ::INFO:: ** Validation loss : 0.01213
10/04/2023 20:55:29 ::INFO:: ***** Training acc : 100.00%
10/04/2023 20:55:29 ::INFO:: ***** Validation acc : 100.00%
10/04/2023 20:55:29 ::INFO:: Start validation loop
10/04/2023 20:55:31 ::INFO:: Start validation loop
10/04/2023 20:55:32 ::INFO:: Epoch 15/50
10/04/2023 20:55:32 ::INFO:: ** Training loss : 0.00346
10/04/2023 20:55:32 ::INFO:: ** Validation loss : 0.00193
10/04/2023 20:55:32 ::INFO:: ***** Training acc : 100.00%
10/04/2023 20:55:32 ::INFO:: ***** Validation acc : 100.00%
10/04/2023 20:55:32 ::INFO:: Start validation loop
10/04/2023 20:55:34 ::INFO:: Start validation loop
10/04/2023 20:55:35 ::INFO:: Epoch 16/50
10/04/2023 20:55:35 ::INFO:: ** Training loss : 0.00285
10/04/2023 20:55:35 ::INFO:: ** Validation loss : 0.00253
10/04/2023 20:55:35 ::INFO:: ***** Training acc : 100.00%
10/04/2023 20:55:35 ::INFO:: ***** Validation acc : 100.00%
10/04/2023 20:55:35 ::INFO:: Start validation loop
10/04/2023 20:55:37 ::INFO:: Start validation loop
10/04/2023 20:55:38 ::INFO:: Epoch 17/50
10/04/2023 20:55:38 ::INFO:: ** Training loss : 0.00329
10/04/2023 20:55:38 ::INFO:: ** Validation loss : 0.00195
10/04/2023 20:55:38 ::INFO:: ***** Training acc : 100.00%
10/04/2023 20:55:38 ::INFO:: ***** Validation acc : 100.00%
10/04/2023 20:55:38 ::INFO:: Start validation loop
10/04/2023 20:55:40 ::INFO:: Start validation loop
10/04/2023 20:55:41 ::INFO:: Epoch 18/50
10/04/2023 20:55:41 ::INFO:: ** Training loss : 0.00297
10/04/2023 20:55:41 ::INFO:: ** Validation loss : 0.00330
10/04/2023 20:55:41 ::INFO:: ***** Training acc : 100.00%
10/04/2023 20:55:41 ::INFO:: ***** Validation acc : 100.00%
10/04/2023 20:55:41 ::INFO:: Start validation loop
10/04/2023 20:55:43 ::INFO:: Start validation loop
10/04/2023 20:55:44 ::INFO:: Epoch 19/50
10/04/2023 20:55:44 ::INFO:: ** Training loss : 0.00345
10/04/2023 20:55:44 ::INFO:: ** Validation loss : 0.10489
10/04/2023 20:55:44 ::INFO:: ***** Training acc : 100.00%
10/04/2023 20:55:44 ::INFO:: ***** Validation acc : 97.78%
10/04/2023 20:55:44 ::INFO:: Start validation loop
10/04/2023 20:55:46 ::INFO:: Start validation loop
10/04/2023 20:55:47 ::INFO:: Epoch 20/50
10/04/2023 20:55:47 ::INFO:: ** Training loss : 0.00248
10/04/2023 20:55:47 ::INFO:: ** Validation loss : 0.25448
10/04/2023 20:55:47 ::INFO:: ***** Training acc : 100.00%
10/04/2023 20:55:47 ::INFO:: ***** Validation acc : 95.56%
10/04/2023 20:55:47 ::INFO:: Start validation loop
10/04/2023 20:55:49 ::INFO:: Start validation loop
10/04/2023 20:55:50 ::INFO:: Epoch 21/50
10/04/2023 20:55:50 ::INFO:: ** Training loss : 0.00234
10/04/2023 20:55:50 ::INFO:: ** Validation loss : 0.11239
10/04/2023 20:55:50 ::INFO:: ***** Training acc : 100.00%
10/04/2023 20:55:50 ::INFO:: ***** Validation acc : 97.78%
10/04/2023 20:55:50 ::INFO:: Start validation loop
10/04/2023 20:55:52 ::INFO:: Start validation loop
10/04/2023 20:55:53 ::INFO:: Epoch 22/50
10/04/2023 20:55:53 ::INFO:: ** Training loss : 0.00342
10/04/2023 20:55:53 ::INFO:: ** Validation loss : 0.00755
10/04/2023 20:55:53 ::INFO:: ***** Training acc : 100.00%
10/04/2023 20:55:53 ::INFO:: ***** Validation acc : 100.00%
10/04/2023 20:55:53 ::INFO:: Start validation loop
10/04/2023 20:55:55 ::INFO:: Start validation loop
10/04/2023 20:55:56 ::INFO:: Epoch 23/50
10/04/2023 20:55:56 ::INFO:: ** Training loss : 0.00207
10/04/2023 20:55:56 ::INFO:: ** Validation loss : 0.01945
10/04/2023 20:55:56 ::INFO:: ***** Training acc : 100.00%
10/04/2023 20:55:56 ::INFO:: ***** Validation acc : 97.78%
10/04/2023 20:55:56 ::INFO:: Start validation loop
10/04/2023 20:55:58 ::INFO:: Start validation loop
10/04/2023 20:55:59 ::INFO:: Epoch 24/50
10/04/2023 20:55:59 ::INFO:: ** Training loss : 0.00228
10/04/2023 20:55:59 ::INFO:: ** Validation loss : 0.02952
10/04/2023 20:55:59 ::INFO:: ***** Training acc : 100.00%
10/04/2023 20:55:59 ::INFO:: ***** Validation acc : 97.78%
10/04/2023 20:55:59 ::INFO:: Start validation loop
10/04/2023 20:56:01 ::INFO:: Start validation loop
10/04/2023 20:56:02 ::INFO:: Epoch 25/50
10/04/2023 20:56:02 ::INFO:: ** Training loss : 0.00219
10/04/2023 20:56:02 ::INFO:: ** Validation loss : 0.00185
10/04/2023 20:56:02 ::INFO:: ***** Training acc : 100.00%
10/04/2023 20:56:02 ::INFO:: ***** Validation acc : 100.00%
10/04/2023 20:56:02 ::INFO:: Start validation loop
10/04/2023 20:56:04 ::INFO:: Start validation loop
10/04/2023 20:56:05 ::INFO:: Epoch 26/50
10/04/2023 20:56:05 ::INFO:: ** Training loss : 0.02872
10/04/2023 20:56:05 ::INFO:: ** Validation loss : 0.23508
10/04/2023 20:56:05 ::INFO:: ***** Training acc : 90.91%
10/04/2023 20:56:05 ::INFO:: ***** Validation acc : 95.56%
10/04/2023 20:56:05 ::INFO:: Start validation loop
10/04/2023 20:56:07 ::INFO:: Start validation loop
10/04/2023 20:56:08 ::INFO:: Epoch 27/50
10/04/2023 20:56:08 ::INFO:: ** Training loss : 0.09498
10/04/2023 20:56:08 ::INFO:: ** Validation loss : 0.31935
10/04/2023 20:56:08 ::INFO:: ***** Training acc : 90.91%
10/04/2023 20:56:08 ::INFO:: ***** Validation acc : 93.33%
10/04/2023 20:56:08 ::INFO:: Start validation loop
10/04/2023 20:56:10 ::INFO:: Start validation loop
10/04/2023 20:56:11 ::INFO:: Epoch 28/50
10/04/2023 20:56:11 ::INFO:: ** Training loss : 0.00848
10/04/2023 20:56:11 ::INFO:: ** Validation loss : 0.14723
10/04/2023 20:56:11 ::INFO:: ***** Training acc : 100.00%
10/04/2023 20:56:11 ::INFO:: ***** Validation acc : 91.11%
10/04/2023 20:56:11 ::INFO:: Start validation loop
10/04/2023 20:56:13 ::INFO:: Start validation loop
10/04/2023 20:56:14 ::INFO:: Epoch 29/50
10/04/2023 20:56:14 ::INFO:: ** Training loss : 0.01429
10/04/2023 20:56:14 ::INFO:: ** Validation loss : 0.22355
10/04/2023 20:56:14 ::INFO:: ***** Training acc : 100.00%
10/04/2023 20:56:14 ::INFO:: ***** Validation acc : 95.56%
10/04/2023 20:56:14 ::INFO:: Start validation loop
10/04/2023 20:56:16 ::INFO:: Start validation loop
10/04/2023 20:56:17 ::INFO:: Epoch 30/50
10/04/2023 20:56:17 ::INFO:: ** Training loss : 0.08173
10/04/2023 20:56:17 ::INFO:: ** Validation loss : 0.01635
10/04/2023 20:56:17 ::INFO:: ***** Training acc : 100.00%
10/04/2023 20:56:17 ::INFO:: ***** Validation acc : 100.00%
10/04/2023 20:56:17 ::INFO:: Start validation loop
10/04/2023 20:56:19 ::INFO:: Start validation loop
10/04/2023 20:56:20 ::INFO:: Epoch 31/50
10/04/2023 20:56:20 ::INFO:: ** Training loss : 0.01513
10/04/2023 20:56:20 ::INFO:: ** Validation loss : 0.09416
10/04/2023 20:56:20 ::INFO:: ***** Training acc : 100.00%
10/04/2023 20:56:20 ::INFO:: ***** Validation acc : 95.56%
10/04/2023 20:56:20 ::INFO:: Start validation loop
10/04/2023 20:56:22 ::INFO:: Start validation loop
10/04/2023 20:56:23 ::INFO:: Epoch 32/50
10/04/2023 20:56:23 ::INFO:: ** Training loss : 0.02471
10/04/2023 20:56:23 ::INFO:: ** Validation loss : 0.01290
10/04/2023 20:56:23 ::INFO:: ***** Training acc : 100.00%
10/04/2023 20:56:23 ::INFO:: ***** Validation acc : 100.00%
10/04/2023 20:56:23 ::INFO:: Start validation loop
10/04/2023 20:56:25 ::INFO:: Start validation loop
10/04/2023 20:56:26 ::INFO:: Epoch 33/50
10/04/2023 20:56:26 ::INFO:: ** Training loss : 0.03725
10/04/2023 20:56:26 ::INFO:: ** Validation loss : 0.06762
10/04/2023 20:56:26 ::INFO:: ***** Training acc : 100.00%
10/04/2023 20:56:26 ::INFO:: ***** Validation acc : 95.56%
10/04/2023 20:56:26 ::INFO:: Start validation loop
10/04/2023 20:56:28 ::INFO:: Start validation loop
10/04/2023 20:56:29 ::INFO:: Epoch 34/50
10/04/2023 20:56:29 ::INFO:: ** Training loss : 0.01383
10/04/2023 20:56:29 ::INFO:: ** Validation loss : 0.07222
10/04/2023 20:56:29 ::INFO:: ***** Training acc : 100.00%
10/04/2023 20:56:29 ::INFO:: ***** Validation acc : 97.78%
10/04/2023 20:56:29 ::INFO:: Start validation loop
10/04/2023 20:56:31 ::INFO:: Start validation loop
10/04/2023 20:56:32 ::INFO:: Epoch 35/50
10/04/2023 20:56:32 ::INFO:: ** Training loss : 0.00272
10/04/2023 20:56:32 ::INFO:: ** Validation loss : 0.06283
10/04/2023 20:56:32 ::INFO:: ***** Training acc : 100.00%
10/04/2023 20:56:32 ::INFO:: ***** Validation acc : 97.78%
10/04/2023 20:56:32 ::INFO:: Start validation loop
10/04/2023 20:56:34 ::INFO:: Start validation loop
10/04/2023 20:56:35 ::INFO:: Epoch 36/50
10/04/2023 20:56:35 ::INFO:: ** Training loss : 0.02994
10/04/2023 20:56:35 ::INFO:: ** Validation loss : 0.02448
10/04/2023 20:56:35 ::INFO:: ***** Training acc : 100.00%
10/04/2023 20:56:35 ::INFO:: ***** Validation acc : 97.78%
10/04/2023 20:56:35 ::INFO:: Start validation loop
10/04/2023 20:56:37 ::INFO:: Start validation loop
10/04/2023 20:56:38 ::INFO:: Epoch 37/50
10/04/2023 20:56:38 ::INFO:: ** Training loss : 0.00534
10/04/2023 20:56:38 ::INFO:: ** Validation loss : 0.05865
10/04/2023 20:56:38 ::INFO:: ***** Training acc : 100.00%
10/04/2023 20:56:38 ::INFO:: ***** Validation acc : 97.78%
10/04/2023 20:56:38 ::INFO:: Start validation loop
10/04/2023 20:56:40 ::INFO:: Start validation loop
10/04/2023 20:56:41 ::INFO:: Epoch 38/50
10/04/2023 20:56:41 ::INFO:: ** Training loss : 0.03749
10/04/2023 20:56:41 ::INFO:: ** Validation loss : 0.01358
10/04/2023 20:56:41 ::INFO:: ***** Training acc : 90.91%
10/04/2023 20:56:41 ::INFO:: ***** Validation acc : 100.00%
10/04/2023 20:56:41 ::INFO:: Start validation loop
10/04/2023 20:56:43 ::INFO:: Start validation loop
10/04/2023 20:56:44 ::INFO:: Epoch 39/50
10/04/2023 20:56:44 ::INFO:: ** Training loss : 0.00242
10/04/2023 20:56:44 ::INFO:: ** Validation loss : 0.12009
10/04/2023 20:56:44 ::INFO:: ***** Training acc : 100.00%
10/04/2023 20:56:44 ::INFO:: ***** Validation acc : 95.56%
10/04/2023 20:56:44 ::INFO:: Start validation loop
10/04/2023 20:56:46 ::INFO:: Start validation loop
10/04/2023 20:56:47 ::INFO:: Epoch 40/50
10/04/2023 20:56:47 ::INFO:: ** Training loss : 0.00667
10/04/2023 20:56:47 ::INFO:: ** Validation loss : 0.01887
10/04/2023 20:56:47 ::INFO:: ***** Training acc : 100.00%
10/04/2023 20:56:47 ::INFO:: ***** Validation acc : 100.00%
10/04/2023 20:56:47 ::INFO:: Start validation loop
10/04/2023 20:56:49 ::INFO:: Start validation loop
10/04/2023 20:56:50 ::INFO:: Epoch 41/50
10/04/2023 20:56:50 ::INFO:: ** Training loss : 0.04215
10/04/2023 20:56:50 ::INFO:: ** Validation loss : 0.04438
10/04/2023 20:56:50 ::INFO:: ***** Training acc : 100.00%
10/04/2023 20:56:50 ::INFO:: ***** Validation acc : 97.78%
10/04/2023 20:56:50 ::INFO:: Start validation loop
10/04/2023 20:56:52 ::INFO:: Start validation loop
10/04/2023 20:56:53 ::INFO:: Epoch 42/50
10/04/2023 20:56:53 ::INFO:: ** Training loss : 0.04481
10/04/2023 20:56:53 ::INFO:: ** Validation loss : 0.00218
10/04/2023 20:56:53 ::INFO:: ***** Training acc : 100.00%
10/04/2023 20:56:53 ::INFO:: ***** Validation acc : 100.00%
10/04/2023 20:56:53 ::INFO:: Start validation loop
10/04/2023 20:56:55 ::INFO:: Start validation loop
10/04/2023 20:56:55 ::INFO:: Epoch 43/50
10/04/2023 20:56:55 ::INFO:: ** Training loss : 0.19125
10/04/2023 20:56:55 ::INFO:: ** Validation loss : 0.05944
10/04/2023 20:56:55 ::INFO:: ***** Training acc : 81.82%
10/04/2023 20:56:55 ::INFO:: ***** Validation acc : 97.78%
10/04/2023 20:56:56 ::INFO:: Start validation loop
10/04/2023 20:56:58 ::INFO:: Start validation loop
10/04/2023 20:56:58 ::INFO:: Epoch 44/50
10/04/2023 20:56:58 ::INFO:: ** Training loss : 0.00381
10/04/2023 20:56:58 ::INFO:: ** Validation loss : 0.03117
10/04/2023 20:56:58 ::INFO:: ***** Training acc : 100.00%
10/04/2023 20:56:58 ::INFO:: ***** Validation acc : 97.78%
10/04/2023 20:56:59 ::INFO:: Start validation loop
10/04/2023 20:57:01 ::INFO:: Start validation loop
10/04/2023 20:57:01 ::INFO:: Epoch 45/50
10/04/2023 20:57:01 ::INFO:: ** Training loss : 0.02843
10/04/2023 20:57:01 ::INFO:: ** Validation loss : 0.00424
10/04/2023 20:57:01 ::INFO:: ***** Training acc : 90.91%
10/04/2023 20:57:01 ::INFO:: ***** Validation acc : 100.00%
10/04/2023 20:57:02 ::INFO:: Start validation loop
10/04/2023 20:57:04 ::INFO:: Start validation loop
10/04/2023 20:57:04 ::INFO:: Epoch 46/50
10/04/2023 20:57:04 ::INFO:: ** Training loss : 0.10220
10/04/2023 20:57:04 ::INFO:: ** Validation loss : 0.00274
10/04/2023 20:57:04 ::INFO:: ***** Training acc : 100.00%
10/04/2023 20:57:04 ::INFO:: ***** Validation acc : 100.00%
10/04/2023 20:57:05 ::INFO:: Start validation loop
10/04/2023 20:57:07 ::INFO:: Start validation loop
10/04/2023 20:57:07 ::INFO:: Epoch 47/50
10/04/2023 20:57:07 ::INFO:: ** Training loss : 0.01997
10/04/2023 20:57:07 ::INFO:: ** Validation loss : 0.00232
10/04/2023 20:57:07 ::INFO:: ***** Training acc : 100.00%
10/04/2023 20:57:07 ::INFO:: ***** Validation acc : 100.00%
10/04/2023 20:57:08 ::INFO:: Start validation loop
10/04/2023 20:57:10 ::INFO:: Start validation loop
10/04/2023 20:57:10 ::INFO:: Epoch 48/50
10/04/2023 20:57:10 ::INFO:: ** Training loss : 0.00341
10/04/2023 20:57:10 ::INFO:: ** Validation loss : 0.00258
10/04/2023 20:57:10 ::INFO:: ***** Training acc : 100.00%
10/04/2023 20:57:10 ::INFO:: ***** Validation acc : 100.00%
10/04/2023 20:57:11 ::INFO:: Start validation loop
10/04/2023 20:57:13 ::INFO:: Start validation loop
10/04/2023 20:57:13 ::INFO:: Epoch 49/50
10/04/2023 20:57:13 ::INFO:: ** Training loss : 0.00539
10/04/2023 20:57:13 ::INFO:: ** Validation loss : 0.00230
10/04/2023 20:57:13 ::INFO:: ***** Training acc : 100.00%
10/04/2023 20:57:13 ::INFO:: ***** Validation acc : 100.00%
10/04/2023 20:57:14 ::INFO:: Start validation loop
10/04/2023 20:57:16 ::INFO:: Start validation loop
10/04/2023 20:57:16 ::INFO:: Epoch 50/50
10/04/2023 20:57:16 ::INFO:: ** Training loss : 0.00366
10/04/2023 20:57:16 ::INFO:: ** Validation loss : 0.00228
10/04/2023 20:57:16 ::INFO:: ***** Training acc : 100.00%
10/04/2023 20:57:16 ::INFO:: ***** Validation acc : 100.00%
10/04/2023 20:57:17 ::INFO:: 

10/04/2023 20:57:17 ::INFO:: Model saved to ResNet34_Bilberry_pretrainedNew_50epochs_10042023_20h57.pt.
10/04/2023 20:57:17 ::INFO:: Time duration: 0:02:30.018320.
10/04/2023 20:57:17 ::INFO:: End training.
