10/04/2023 22:59:31 ::INFO:: Model is EfficientNetB0_Bilberry_pretrained80pct.
10/04/2023 22:59:31 ::INFO:: Pretrained is True
10/04/2023 22:59:31 ::INFO:: Learning rate = 0.001
10/04/2023 22:59:31 ::INFO:: Batch size = 32
10/04/2023 22:59:31 ::INFO:: Using optimizer : Adam (
Parameter Group 0
    amsgrad: False
    betas: (0.9, 0.999)
    capturable: False
    differentiable: False
    eps: 1e-08
    foreach: None
    fused: False
    lr: 0.001
    maximize: False
    weight_decay: 0.0005
)
10/04/2023 22:59:31 ::INFO:: Lr Scheduler : None
10/04/2023 22:59:31 ::INFO:: 
10/04/2023 22:59:31 ::INFO:: Start training
10/04/2023 22:59:31 ::INFO:: [START] : 2023-04-10 21:59:30
10/04/2023 22:59:33 ::INFO:: Start validation loop
10/04/2023 22:59:38 ::INFO:: Start validation loop
10/04/2023 22:59:40 ::INFO:: Epoch 1/50
10/04/2023 22:59:40 ::INFO:: ** Training loss : 0.59098
10/04/2023 22:59:40 ::INFO:: ** Validation loss : 0.32050
10/04/2023 22:59:40 ::INFO:: ***** Training acc : 63.64%
10/04/2023 22:59:40 ::INFO:: ***** Validation acc : 88.89%
10/04/2023 22:59:41 ::INFO:: Start validation loop
10/04/2023 22:59:45 ::INFO:: Start validation loop
10/04/2023 22:59:46 ::INFO:: Epoch 2/50
10/04/2023 22:59:46 ::INFO:: ** Training loss : 0.22256
10/04/2023 22:59:46 ::INFO:: ** Validation loss : 0.22350
10/04/2023 22:59:46 ::INFO:: ***** Training acc : 100.00%
10/04/2023 22:59:46 ::INFO:: ***** Validation acc : 91.11%
10/04/2023 22:59:47 ::INFO:: Start validation loop
10/04/2023 22:59:51 ::INFO:: Start validation loop
10/04/2023 22:59:53 ::INFO:: Epoch 3/50
10/04/2023 22:59:53 ::INFO:: ** Training loss : 0.10767
10/04/2023 22:59:53 ::INFO:: ** Validation loss : 0.19317
10/04/2023 22:59:53 ::INFO:: ***** Training acc : 100.00%
10/04/2023 22:59:53 ::INFO:: ***** Validation acc : 93.33%
10/04/2023 22:59:54 ::INFO:: Start validation loop
10/04/2023 22:59:58 ::INFO:: Start validation loop
10/04/2023 22:59:59 ::INFO:: Epoch 4/50
10/04/2023 22:59:59 ::INFO:: ** Training loss : 0.05392
10/04/2023 22:59:59 ::INFO:: ** Validation loss : 0.12557
10/04/2023 22:59:59 ::INFO:: ***** Training acc : 100.00%
10/04/2023 22:59:59 ::INFO:: ***** Validation acc : 95.56%
10/04/2023 23:00:00 ::INFO:: Start validation loop
10/04/2023 23:00:04 ::INFO:: Start validation loop
10/04/2023 23:00:05 ::INFO:: Epoch 5/50
10/04/2023 23:00:05 ::INFO:: ** Training loss : 0.06862
10/04/2023 23:00:05 ::INFO:: ** Validation loss : 0.08403
10/04/2023 23:00:05 ::INFO:: ***** Training acc : 90.91%
10/04/2023 23:00:05 ::INFO:: ***** Validation acc : 97.78%
10/04/2023 23:00:06 ::INFO:: Start validation loop
10/04/2023 23:00:09 ::INFO:: Start validation loop
10/04/2023 23:00:10 ::INFO:: Epoch 6/50
10/04/2023 23:00:10 ::INFO:: ** Training loss : 0.05403
10/04/2023 23:00:10 ::INFO:: ** Validation loss : 0.01296
10/04/2023 23:00:10 ::INFO:: ***** Training acc : 90.91%
10/04/2023 23:00:10 ::INFO:: ***** Validation acc : 100.00%
10/04/2023 23:00:11 ::INFO:: Start validation loop
10/04/2023 23:00:14 ::INFO:: Start validation loop
10/04/2023 23:00:16 ::INFO:: Epoch 7/50
10/04/2023 23:00:16 ::INFO:: ** Training loss : 0.00921
10/04/2023 23:00:16 ::INFO:: ** Validation loss : 0.02819
10/04/2023 23:00:16 ::INFO:: ***** Training acc : 100.00%
10/04/2023 23:00:16 ::INFO:: ***** Validation acc : 100.00%
10/04/2023 23:00:17 ::INFO:: Start validation loop
10/04/2023 23:00:20 ::INFO:: Start validation loop
10/04/2023 23:00:21 ::INFO:: Epoch 8/50
10/04/2023 23:00:21 ::INFO:: ** Training loss : 0.01820
10/04/2023 23:00:21 ::INFO:: ** Validation loss : 0.00548
10/04/2023 23:00:21 ::INFO:: ***** Training acc : 100.00%
10/04/2023 23:00:21 ::INFO:: ***** Validation acc : 100.00%
10/04/2023 23:00:22 ::INFO:: Start validation loop
10/04/2023 23:00:26 ::INFO:: Start validation loop
10/04/2023 23:00:27 ::INFO:: Epoch 9/50
10/04/2023 23:00:27 ::INFO:: ** Training loss : 0.01294
10/04/2023 23:00:27 ::INFO:: ** Validation loss : 0.01153
10/04/2023 23:00:27 ::INFO:: ***** Training acc : 100.00%
10/04/2023 23:00:27 ::INFO:: ***** Validation acc : 100.00%
10/04/2023 23:00:28 ::INFO:: Start validation loop
10/04/2023 23:00:32 ::INFO:: Start validation loop
10/04/2023 23:00:33 ::INFO:: Epoch 10/50
10/04/2023 23:00:33 ::INFO:: ** Training loss : 0.01571
10/04/2023 23:00:33 ::INFO:: ** Validation loss : 0.00822
10/04/2023 23:00:33 ::INFO:: ***** Training acc : 100.00%
10/04/2023 23:00:33 ::INFO:: ***** Validation acc : 100.00%
10/04/2023 23:00:34 ::INFO:: Start validation loop
10/04/2023 23:00:37 ::INFO:: Start validation loop
10/04/2023 23:00:39 ::INFO:: Epoch 11/50
10/04/2023 23:00:39 ::INFO:: ** Training loss : 0.06115
10/04/2023 23:00:39 ::INFO:: ** Validation loss : 0.01294
10/04/2023 23:00:39 ::INFO:: ***** Training acc : 90.91%
10/04/2023 23:00:39 ::INFO:: ***** Validation acc : 100.00%
10/04/2023 23:00:40 ::INFO:: Start validation loop
10/04/2023 23:00:43 ::INFO:: Start validation loop
10/04/2023 23:00:44 ::INFO:: Epoch 12/50
10/04/2023 23:00:44 ::INFO:: ** Training loss : 0.02037
10/04/2023 23:00:44 ::INFO:: ** Validation loss : 0.00390
10/04/2023 23:00:44 ::INFO:: ***** Training acc : 100.00%
10/04/2023 23:00:44 ::INFO:: ***** Validation acc : 100.00%
10/04/2023 23:00:45 ::INFO:: Start validation loop
10/04/2023 23:00:48 ::INFO:: Start validation loop
10/04/2023 23:00:50 ::INFO:: Epoch 13/50
10/04/2023 23:00:50 ::INFO:: ** Training loss : 0.06903
10/04/2023 23:00:50 ::INFO:: ** Validation loss : 0.00530
10/04/2023 23:00:50 ::INFO:: ***** Training acc : 90.91%
10/04/2023 23:00:50 ::INFO:: ***** Validation acc : 100.00%
10/04/2023 23:00:51 ::INFO:: Start validation loop
10/04/2023 23:00:54 ::INFO:: Start validation loop
10/04/2023 23:00:55 ::INFO:: Epoch 14/50
10/04/2023 23:00:55 ::INFO:: ** Training loss : 0.01151
10/04/2023 23:00:55 ::INFO:: ** Validation loss : 0.01293
10/04/2023 23:00:55 ::INFO:: ***** Training acc : 100.00%
10/04/2023 23:00:55 ::INFO:: ***** Validation acc : 100.00%
10/04/2023 23:00:56 ::INFO:: Start validation loop
10/04/2023 23:01:00 ::INFO:: Start validation loop
10/04/2023 23:01:01 ::INFO:: Epoch 15/50
10/04/2023 23:01:01 ::INFO:: ** Training loss : 0.00917
10/04/2023 23:01:01 ::INFO:: ** Validation loss : 0.00572
10/04/2023 23:01:01 ::INFO:: ***** Training acc : 100.00%
10/04/2023 23:01:01 ::INFO:: ***** Validation acc : 100.00%
10/04/2023 23:01:02 ::INFO:: Start validation loop
10/04/2023 23:01:05 ::INFO:: Start validation loop
10/04/2023 23:01:07 ::INFO:: Epoch 16/50
10/04/2023 23:01:07 ::INFO:: ** Training loss : 0.00737
10/04/2023 23:01:07 ::INFO:: ** Validation loss : 0.01415
10/04/2023 23:01:07 ::INFO:: ***** Training acc : 100.00%
10/04/2023 23:01:07 ::INFO:: ***** Validation acc : 100.00%
10/04/2023 23:01:08 ::INFO:: Start validation loop
10/04/2023 23:01:12 ::INFO:: Start validation loop
10/04/2023 23:01:13 ::INFO:: Epoch 17/50
10/04/2023 23:01:13 ::INFO:: ** Training loss : 0.05111
10/04/2023 23:01:13 ::INFO:: ** Validation loss : 0.09744
10/04/2023 23:01:13 ::INFO:: ***** Training acc : 90.91%
10/04/2023 23:01:13 ::INFO:: ***** Validation acc : 95.56%
10/04/2023 23:01:14 ::INFO:: Start validation loop
10/04/2023 23:01:18 ::INFO:: Start validation loop
10/04/2023 23:01:20 ::INFO:: Epoch 18/50
10/04/2023 23:01:20 ::INFO:: ** Training loss : 0.02550
10/04/2023 23:01:20 ::INFO:: ** Validation loss : 0.00633
10/04/2023 23:01:20 ::INFO:: ***** Training acc : 100.00%
10/04/2023 23:01:20 ::INFO:: ***** Validation acc : 100.00%
10/04/2023 23:01:21 ::INFO:: Start validation loop
10/04/2023 23:01:25 ::INFO:: Start validation loop
10/04/2023 23:01:26 ::INFO:: Epoch 19/50
10/04/2023 23:01:26 ::INFO:: ** Training loss : 0.01222
10/04/2023 23:01:26 ::INFO:: ** Validation loss : 0.00752
10/04/2023 23:01:26 ::INFO:: ***** Training acc : 100.00%
10/04/2023 23:01:26 ::INFO:: ***** Validation acc : 100.00%
10/04/2023 23:01:27 ::INFO:: Start validation loop
10/04/2023 23:01:30 ::INFO:: Start validation loop
10/04/2023 23:01:32 ::INFO:: Epoch 20/50
10/04/2023 23:01:32 ::INFO:: ** Training loss : 0.00531
10/04/2023 23:01:32 ::INFO:: ** Validation loss : 0.01881
10/04/2023 23:01:32 ::INFO:: ***** Training acc : 100.00%
10/04/2023 23:01:32 ::INFO:: ***** Validation acc : 100.00%
10/04/2023 23:01:33 ::INFO:: Start validation loop
10/04/2023 23:01:36 ::INFO:: Start validation loop
10/04/2023 23:01:38 ::INFO:: Epoch 21/50
10/04/2023 23:01:38 ::INFO:: ** Training loss : 0.00457
10/04/2023 23:01:38 ::INFO:: ** Validation loss : 0.00263
10/04/2023 23:01:38 ::INFO:: ***** Training acc : 100.00%
10/04/2023 23:01:38 ::INFO:: ***** Validation acc : 100.00%
10/04/2023 23:01:39 ::INFO:: Start validation loop
10/04/2023 23:01:42 ::INFO:: Start validation loop
10/04/2023 23:01:44 ::INFO:: Epoch 22/50
10/04/2023 23:01:44 ::INFO:: ** Training loss : 0.01663
10/04/2023 23:01:44 ::INFO:: ** Validation loss : 0.15303
10/04/2023 23:01:44 ::INFO:: ***** Training acc : 100.00%
10/04/2023 23:01:44 ::INFO:: ***** Validation acc : 95.56%
10/04/2023 23:01:45 ::INFO:: Start validation loop
10/04/2023 23:01:48 ::INFO:: Start validation loop
10/04/2023 23:01:49 ::INFO:: Epoch 23/50
10/04/2023 23:01:49 ::INFO:: ** Training loss : 0.00440
10/04/2023 23:01:49 ::INFO:: ** Validation loss : 0.00579
10/04/2023 23:01:49 ::INFO:: ***** Training acc : 100.00%
10/04/2023 23:01:49 ::INFO:: ***** Validation acc : 100.00%
10/04/2023 23:01:50 ::INFO:: Start validation loop
10/04/2023 23:01:54 ::INFO:: Start validation loop
10/04/2023 23:01:55 ::INFO:: Epoch 24/50
10/04/2023 23:01:55 ::INFO:: ** Training loss : 0.00572
10/04/2023 23:01:55 ::INFO:: ** Validation loss : 0.00295
10/04/2023 23:01:55 ::INFO:: ***** Training acc : 100.00%
10/04/2023 23:01:55 ::INFO:: ***** Validation acc : 100.00%
10/04/2023 23:01:56 ::INFO:: Start validation loop
10/04/2023 23:02:00 ::INFO:: Start validation loop
10/04/2023 23:02:01 ::INFO:: Epoch 25/50
10/04/2023 23:02:01 ::INFO:: ** Training loss : 0.00898
10/04/2023 23:02:01 ::INFO:: ** Validation loss : 0.00362
10/04/2023 23:02:01 ::INFO:: ***** Training acc : 100.00%
10/04/2023 23:02:01 ::INFO:: ***** Validation acc : 100.00%
10/04/2023 23:02:02 ::INFO:: Start validation loop
10/04/2023 23:02:06 ::INFO:: Start validation loop
10/04/2023 23:02:07 ::INFO:: Epoch 26/50
10/04/2023 23:02:07 ::INFO:: ** Training loss : 0.00444
10/04/2023 23:02:07 ::INFO:: ** Validation loss : 0.00362
10/04/2023 23:02:07 ::INFO:: ***** Training acc : 100.00%
10/04/2023 23:02:07 ::INFO:: ***** Validation acc : 100.00%
10/04/2023 23:02:08 ::INFO:: Start validation loop
10/04/2023 23:02:11 ::INFO:: Start validation loop
10/04/2023 23:02:13 ::INFO:: Epoch 27/50
10/04/2023 23:02:13 ::INFO:: ** Training loss : 0.00302
10/04/2023 23:02:13 ::INFO:: ** Validation loss : 0.00289
10/04/2023 23:02:13 ::INFO:: ***** Training acc : 100.00%
10/04/2023 23:02:13 ::INFO:: ***** Validation acc : 100.00%
10/04/2023 23:02:14 ::INFO:: Start validation loop
10/04/2023 23:02:17 ::INFO:: Start validation loop
10/04/2023 23:02:18 ::INFO:: Epoch 28/50
10/04/2023 23:02:18 ::INFO:: ** Training loss : 0.00305
10/04/2023 23:02:18 ::INFO:: ** Validation loss : 0.00932
10/04/2023 23:02:18 ::INFO:: ***** Training acc : 100.00%
10/04/2023 23:02:18 ::INFO:: ***** Validation acc : 100.00%
10/04/2023 23:02:19 ::INFO:: Start validation loop
10/04/2023 23:02:22 ::INFO:: Start validation loop
10/04/2023 23:02:23 ::INFO:: Epoch 29/50
10/04/2023 23:02:23 ::INFO:: ** Training loss : 0.00715
10/04/2023 23:02:23 ::INFO:: ** Validation loss : 0.00446
10/04/2023 23:02:23 ::INFO:: ***** Training acc : 100.00%
10/04/2023 23:02:23 ::INFO:: ***** Validation acc : 100.00%
10/04/2023 23:02:24 ::INFO:: Start validation loop
10/04/2023 23:02:28 ::INFO:: Start validation loop
10/04/2023 23:02:29 ::INFO:: Epoch 30/50
10/04/2023 23:02:29 ::INFO:: ** Training loss : 0.00285
10/04/2023 23:02:29 ::INFO:: ** Validation loss : 0.01302
10/04/2023 23:02:29 ::INFO:: ***** Training acc : 100.00%
10/04/2023 23:02:29 ::INFO:: ***** Validation acc : 100.00%
10/04/2023 23:02:30 ::INFO:: Start validation loop
10/04/2023 23:02:33 ::INFO:: Start validation loop
10/04/2023 23:02:35 ::INFO:: Epoch 31/50
10/04/2023 23:02:35 ::INFO:: ** Training loss : 0.02946
10/04/2023 23:02:35 ::INFO:: ** Validation loss : 0.03583
10/04/2023 23:02:35 ::INFO:: ***** Training acc : 100.00%
10/04/2023 23:02:35 ::INFO:: ***** Validation acc : 97.78%
10/04/2023 23:02:36 ::INFO:: Start validation loop
10/04/2023 23:02:39 ::INFO:: Start validation loop
10/04/2023 23:02:40 ::INFO:: Epoch 32/50
10/04/2023 23:02:40 ::INFO:: ** Training loss : 0.00249
10/04/2023 23:02:40 ::INFO:: ** Validation loss : 0.01163
10/04/2023 23:02:40 ::INFO:: ***** Training acc : 100.00%
10/04/2023 23:02:40 ::INFO:: ***** Validation acc : 100.00%
10/04/2023 23:02:41 ::INFO:: Start validation loop
10/04/2023 23:02:45 ::INFO:: Start validation loop
10/04/2023 23:02:46 ::INFO:: Epoch 33/50
10/04/2023 23:02:46 ::INFO:: ** Training loss : 0.00524
10/04/2023 23:02:46 ::INFO:: ** Validation loss : 0.00292
10/04/2023 23:02:46 ::INFO:: ***** Training acc : 100.00%
10/04/2023 23:02:46 ::INFO:: ***** Validation acc : 100.00%
10/04/2023 23:02:47 ::INFO:: Start validation loop
10/04/2023 23:02:51 ::INFO:: Start validation loop
10/04/2023 23:02:52 ::INFO:: Epoch 34/50
10/04/2023 23:02:52 ::INFO:: ** Training loss : 0.00377
10/04/2023 23:02:52 ::INFO:: ** Validation loss : 0.00867
10/04/2023 23:02:52 ::INFO:: ***** Training acc : 100.00%
10/04/2023 23:02:52 ::INFO:: ***** Validation acc : 100.00%
10/04/2023 23:02:53 ::INFO:: Start validation loop
10/04/2023 23:02:56 ::INFO:: Start validation loop
10/04/2023 23:02:57 ::INFO:: Epoch 35/50
10/04/2023 23:02:57 ::INFO:: ** Training loss : 0.00231
10/04/2023 23:02:57 ::INFO:: ** Validation loss : 0.00197
10/04/2023 23:02:57 ::INFO:: ***** Training acc : 100.00%
10/04/2023 23:02:57 ::INFO:: ***** Validation acc : 100.00%
10/04/2023 23:02:58 ::INFO:: Start validation loop
10/04/2023 23:03:02 ::INFO:: Start validation loop
10/04/2023 23:03:03 ::INFO:: Epoch 36/50
10/04/2023 23:03:03 ::INFO:: ** Training loss : 0.00209
10/04/2023 23:03:03 ::INFO:: ** Validation loss : 0.00548
10/04/2023 23:03:03 ::INFO:: ***** Training acc : 100.00%
10/04/2023 23:03:03 ::INFO:: ***** Validation acc : 100.00%
10/04/2023 23:03:04 ::INFO:: Start validation loop
10/04/2023 23:03:07 ::INFO:: Start validation loop
10/04/2023 23:03:08 ::INFO:: Epoch 37/50
10/04/2023 23:03:08 ::INFO:: ** Training loss : 0.10736
10/04/2023 23:03:08 ::INFO:: ** Validation loss : 0.00814
10/04/2023 23:03:08 ::INFO:: ***** Training acc : 90.91%
10/04/2023 23:03:08 ::INFO:: ***** Validation acc : 100.00%
10/04/2023 23:03:09 ::INFO:: Start validation loop
10/04/2023 23:03:13 ::INFO:: Start validation loop
10/04/2023 23:03:14 ::INFO:: Epoch 38/50
10/04/2023 23:03:14 ::INFO:: ** Training loss : 0.00681
10/04/2023 23:03:14 ::INFO:: ** Validation loss : 0.16232
10/04/2023 23:03:14 ::INFO:: ***** Training acc : 100.00%
10/04/2023 23:03:14 ::INFO:: ***** Validation acc : 95.56%
10/04/2023 23:03:15 ::INFO:: Start validation loop
10/04/2023 23:03:19 ::INFO:: Start validation loop
10/04/2023 23:03:20 ::INFO:: Epoch 39/50
10/04/2023 23:03:20 ::INFO:: ** Training loss : 0.00260
10/04/2023 23:03:20 ::INFO:: ** Validation loss : 0.23081
10/04/2023 23:03:20 ::INFO:: ***** Training acc : 100.00%
10/04/2023 23:03:20 ::INFO:: ***** Validation acc : 95.56%
10/04/2023 23:03:21 ::INFO:: Start validation loop
10/04/2023 23:03:25 ::INFO:: Start validation loop
10/04/2023 23:03:27 ::INFO:: Epoch 40/50
10/04/2023 23:03:27 ::INFO:: ** Training loss : 0.00509
10/04/2023 23:03:27 ::INFO:: ** Validation loss : 0.34943
10/04/2023 23:03:27 ::INFO:: ***** Training acc : 100.00%
10/04/2023 23:03:27 ::INFO:: ***** Validation acc : 93.33%
10/04/2023 23:03:28 ::INFO:: Start validation loop
10/04/2023 23:03:32 ::INFO:: Start validation loop
10/04/2023 23:03:33 ::INFO:: Epoch 41/50
10/04/2023 23:03:33 ::INFO:: ** Training loss : 0.07770
10/04/2023 23:03:33 ::INFO:: ** Validation loss : 0.42448
10/04/2023 23:03:33 ::INFO:: ***** Training acc : 90.91%
10/04/2023 23:03:33 ::INFO:: ***** Validation acc : 91.11%
10/04/2023 23:03:34 ::INFO:: Start validation loop
10/04/2023 23:03:38 ::INFO:: Start validation loop
10/04/2023 23:03:39 ::INFO:: Epoch 42/50
10/04/2023 23:03:39 ::INFO:: ** Training loss : 0.00284
10/04/2023 23:03:39 ::INFO:: ** Validation loss : 0.38103
10/04/2023 23:03:39 ::INFO:: ***** Training acc : 100.00%
10/04/2023 23:03:39 ::INFO:: ***** Validation acc : 93.33%
10/04/2023 23:03:40 ::INFO:: Start validation loop
10/04/2023 23:03:43 ::INFO:: Start validation loop
10/04/2023 23:03:45 ::INFO:: Epoch 43/50
10/04/2023 23:03:45 ::INFO:: ** Training loss : 0.00419
10/04/2023 23:03:45 ::INFO:: ** Validation loss : 0.14955
10/04/2023 23:03:45 ::INFO:: ***** Training acc : 100.00%
10/04/2023 23:03:45 ::INFO:: ***** Validation acc : 95.56%
10/04/2023 23:03:46 ::INFO:: Start validation loop
10/04/2023 23:03:49 ::INFO:: Start validation loop
10/04/2023 23:03:50 ::INFO:: Epoch 44/50
10/04/2023 23:03:50 ::INFO:: ** Training loss : 0.00266
10/04/2023 23:03:50 ::INFO:: ** Validation loss : 0.24051
10/04/2023 23:03:50 ::INFO:: ***** Training acc : 100.00%
10/04/2023 23:03:50 ::INFO:: ***** Validation acc : 93.33%
10/04/2023 23:03:52 ::INFO:: Start validation loop
10/04/2023 23:03:56 ::INFO:: Start validation loop
10/04/2023 23:03:57 ::INFO:: Epoch 45/50
10/04/2023 23:03:57 ::INFO:: ** Training loss : 0.02195
10/04/2023 23:03:57 ::INFO:: ** Validation loss : 0.12220
10/04/2023 23:03:57 ::INFO:: ***** Training acc : 100.00%
10/04/2023 23:03:57 ::INFO:: ***** Validation acc : 95.56%
10/04/2023 23:03:58 ::INFO:: Start validation loop
10/04/2023 23:04:01 ::INFO:: Start validation loop
10/04/2023 23:04:03 ::INFO:: Epoch 46/50
10/04/2023 23:04:03 ::INFO:: ** Training loss : 0.00801
10/04/2023 23:04:03 ::INFO:: ** Validation loss : 0.21131
10/04/2023 23:04:03 ::INFO:: ***** Training acc : 100.00%
10/04/2023 23:04:03 ::INFO:: ***** Validation acc : 95.56%
10/04/2023 23:04:04 ::INFO:: Start validation loop
10/04/2023 23:04:07 ::INFO:: Start validation loop
10/04/2023 23:04:08 ::INFO:: Epoch 47/50
10/04/2023 23:04:08 ::INFO:: ** Training loss : 0.02603
10/04/2023 23:04:08 ::INFO:: ** Validation loss : 0.01449
10/04/2023 23:04:08 ::INFO:: ***** Training acc : 100.00%
10/04/2023 23:04:08 ::INFO:: ***** Validation acc : 100.00%
10/04/2023 23:04:09 ::INFO:: Start validation loop
10/04/2023 23:04:13 ::INFO:: Start validation loop
10/04/2023 23:04:14 ::INFO:: Epoch 48/50
10/04/2023 23:04:14 ::INFO:: ** Training loss : 0.00211
10/04/2023 23:04:14 ::INFO:: ** Validation loss : 0.11265
10/04/2023 23:04:14 ::INFO:: ***** Training acc : 100.00%
10/04/2023 23:04:14 ::INFO:: ***** Validation acc : 97.78%
10/04/2023 23:04:16 ::INFO:: Start validation loop
10/04/2023 23:04:20 ::INFO:: Start validation loop
10/04/2023 23:04:21 ::INFO:: Epoch 49/50
10/04/2023 23:04:21 ::INFO:: ** Training loss : 0.00229
10/04/2023 23:04:21 ::INFO:: ** Validation loss : 0.30390
10/04/2023 23:04:21 ::INFO:: ***** Training acc : 100.00%
10/04/2023 23:04:21 ::INFO:: ***** Validation acc : 93.33%
10/04/2023 23:04:22 ::INFO:: Start validation loop
10/04/2023 23:04:26 ::INFO:: Start validation loop
10/04/2023 23:04:27 ::INFO:: Epoch 50/50
10/04/2023 23:04:27 ::INFO:: ** Training loss : 0.00224
10/04/2023 23:04:27 ::INFO:: ** Validation loss : 0.27653
10/04/2023 23:04:27 ::INFO:: ***** Training acc : 100.00%
10/04/2023 23:04:27 ::INFO:: ***** Validation acc : 91.11%
10/04/2023 23:04:27 ::INFO:: 

10/04/2023 23:04:27 ::INFO:: Model saved to EfficientNetB0_Bilberry_pretrained80pct_50epochs_10042023_23h04.pt.
10/04/2023 23:04:27 ::INFO:: Time duration: 0:04:56.641491.
10/04/2023 23:04:27 ::INFO:: End training.
