10/04/2023 20:29:48 ::INFO:: Model is EfficientNetB4_Bilberry.
10/04/2023 20:29:48 ::INFO:: Pretrained is True
10/04/2023 20:29:48 ::INFO:: Learning rate = 0.001
10/04/2023 20:29:48 ::INFO:: Batch size = 32
10/04/2023 20:29:48 ::INFO:: Using optimizer : Adam (
Parameter Group 0
    amsgrad: False
    betas: (0.9, 0.999)
    capturable: False
    differentiable: False
    eps: 1e-08
    foreach: None
    fused: False
    lr: 0.001
    maximize: False
    weight_decay: 0.0005
)
10/04/2023 20:29:48 ::INFO:: Lr Scheduler : None
10/04/2023 20:29:48 ::INFO:: 
10/04/2023 20:29:48 ::INFO:: Start training
10/04/2023 20:29:48 ::INFO:: [START] : 2023-04-10 19:29:48
10/04/2023 20:29:51 ::INFO:: Start validation loop
10/04/2023 20:29:57 ::INFO:: Start validation loop
10/04/2023 20:29:59 ::INFO:: Epoch 1/50
10/04/2023 20:29:59 ::INFO:: ** Training loss : 0.59050
10/04/2023 20:29:59 ::INFO:: ** Validation loss : 0.33379
10/04/2023 20:29:59 ::INFO:: ***** Training acc : 90.91%
10/04/2023 20:29:59 ::INFO:: ***** Validation acc : 93.33%
10/04/2023 20:30:00 ::INFO:: Start validation loop
10/04/2023 20:30:05 ::INFO:: Start validation loop
10/04/2023 20:30:07 ::INFO:: Epoch 2/50
10/04/2023 20:30:07 ::INFO:: ** Training loss : 0.33429
10/04/2023 20:30:07 ::INFO:: ** Validation loss : 0.18819
10/04/2023 20:30:07 ::INFO:: ***** Training acc : 72.73%
10/04/2023 20:30:07 ::INFO:: ***** Validation acc : 93.33%
10/04/2023 20:30:08 ::INFO:: Start validation loop
10/04/2023 20:30:13 ::INFO:: Start validation loop
10/04/2023 20:30:15 ::INFO:: Epoch 3/50
10/04/2023 20:30:15 ::INFO:: ** Training loss : 0.31151
10/04/2023 20:30:15 ::INFO:: ** Validation loss : 0.15791
10/04/2023 20:30:15 ::INFO:: ***** Training acc : 72.73%
10/04/2023 20:30:15 ::INFO:: ***** Validation acc : 95.56%
10/04/2023 20:30:16 ::INFO:: Start validation loop
10/04/2023 20:30:21 ::INFO:: Start validation loop
10/04/2023 20:30:23 ::INFO:: Epoch 4/50
10/04/2023 20:30:23 ::INFO:: ** Training loss : 0.14638
10/04/2023 20:30:23 ::INFO:: ** Validation loss : 0.10827
10/04/2023 20:30:23 ::INFO:: ***** Training acc : 100.00%
10/04/2023 20:30:23 ::INFO:: ***** Validation acc : 95.56%
10/04/2023 20:30:24 ::INFO:: Start validation loop
10/04/2023 20:30:29 ::INFO:: Start validation loop
10/04/2023 20:30:31 ::INFO:: Epoch 5/50
10/04/2023 20:30:31 ::INFO:: ** Training loss : 0.15362
10/04/2023 20:30:31 ::INFO:: ** Validation loss : 0.12354
10/04/2023 20:30:31 ::INFO:: ***** Training acc : 100.00%
10/04/2023 20:30:31 ::INFO:: ***** Validation acc : 95.56%
10/04/2023 20:30:32 ::INFO:: Start validation loop
10/04/2023 20:30:37 ::INFO:: Start validation loop
10/04/2023 20:30:39 ::INFO:: Epoch 6/50
10/04/2023 20:30:39 ::INFO:: ** Training loss : 0.39452
10/04/2023 20:30:39 ::INFO:: ** Validation loss : 0.09157
10/04/2023 20:30:39 ::INFO:: ***** Training acc : 54.55%
10/04/2023 20:30:39 ::INFO:: ***** Validation acc : 97.78%
10/04/2023 20:30:40 ::INFO:: Start validation loop
10/04/2023 20:30:45 ::INFO:: Start validation loop
10/04/2023 20:30:47 ::INFO:: Epoch 7/50
10/04/2023 20:30:47 ::INFO:: ** Training loss : 0.11971
10/04/2023 20:30:47 ::INFO:: ** Validation loss : 0.06633
10/04/2023 20:30:47 ::INFO:: ***** Training acc : 100.00%
10/04/2023 20:30:47 ::INFO:: ***** Validation acc : 95.56%
10/04/2023 20:30:48 ::INFO:: Start validation loop
10/04/2023 20:30:53 ::INFO:: Start validation loop
10/04/2023 20:30:55 ::INFO:: Epoch 8/50
10/04/2023 20:30:55 ::INFO:: ** Training loss : 0.12578
10/04/2023 20:30:55 ::INFO:: ** Validation loss : 0.02475
10/04/2023 20:30:55 ::INFO:: ***** Training acc : 100.00%
10/04/2023 20:30:55 ::INFO:: ***** Validation acc : 100.00%
10/04/2023 20:30:56 ::INFO:: Start validation loop
10/04/2023 20:31:01 ::INFO:: Start validation loop
10/04/2023 20:31:03 ::INFO:: Epoch 9/50
10/04/2023 20:31:03 ::INFO:: ** Training loss : 0.20457
10/04/2023 20:31:03 ::INFO:: ** Validation loss : 0.03196
10/04/2023 20:31:03 ::INFO:: ***** Training acc : 81.82%
10/04/2023 20:31:03 ::INFO:: ***** Validation acc : 100.00%
10/04/2023 20:31:04 ::INFO:: Start validation loop
10/04/2023 20:31:09 ::INFO:: Start validation loop
10/04/2023 20:31:11 ::INFO:: Epoch 10/50
10/04/2023 20:31:11 ::INFO:: ** Training loss : 0.07417
10/04/2023 20:31:11 ::INFO:: ** Validation loss : 0.03806
10/04/2023 20:31:11 ::INFO:: ***** Training acc : 100.00%
10/04/2023 20:31:11 ::INFO:: ***** Validation acc : 97.78%
10/04/2023 20:31:12 ::INFO:: Start validation loop
10/04/2023 20:31:17 ::INFO:: Start validation loop
10/04/2023 20:31:19 ::INFO:: Epoch 11/50
10/04/2023 20:31:19 ::INFO:: ** Training loss : 0.11057
10/04/2023 20:31:19 ::INFO:: ** Validation loss : 0.02139
10/04/2023 20:31:19 ::INFO:: ***** Training acc : 90.91%
10/04/2023 20:31:19 ::INFO:: ***** Validation acc : 100.00%
10/04/2023 20:31:20 ::INFO:: Start validation loop
10/04/2023 20:31:25 ::INFO:: Start validation loop
10/04/2023 20:31:27 ::INFO:: Epoch 12/50
10/04/2023 20:31:27 ::INFO:: ** Training loss : 0.06625
10/04/2023 20:31:27 ::INFO:: ** Validation loss : 0.02727
10/04/2023 20:31:27 ::INFO:: ***** Training acc : 100.00%
10/04/2023 20:31:27 ::INFO:: ***** Validation acc : 100.00%
10/04/2023 20:31:28 ::INFO:: Start validation loop
10/04/2023 20:31:33 ::INFO:: Start validation loop
10/04/2023 20:31:35 ::INFO:: Epoch 13/50
10/04/2023 20:31:35 ::INFO:: ** Training loss : 0.06035
10/04/2023 20:31:35 ::INFO:: ** Validation loss : 0.01060
10/04/2023 20:31:35 ::INFO:: ***** Training acc : 100.00%
10/04/2023 20:31:35 ::INFO:: ***** Validation acc : 100.00%
10/04/2023 20:31:36 ::INFO:: Start validation loop
10/04/2023 20:31:41 ::INFO:: Start validation loop
10/04/2023 20:31:43 ::INFO:: Epoch 14/50
10/04/2023 20:31:43 ::INFO:: ** Training loss : 0.16378
10/04/2023 20:31:43 ::INFO:: ** Validation loss : 0.03735
10/04/2023 20:31:43 ::INFO:: ***** Training acc : 90.91%
10/04/2023 20:31:43 ::INFO:: ***** Validation acc : 100.00%
10/04/2023 20:31:44 ::INFO:: Start validation loop
10/04/2023 20:31:49 ::INFO:: Start validation loop
10/04/2023 20:31:51 ::INFO:: Epoch 15/50
10/04/2023 20:31:51 ::INFO:: ** Training loss : 0.08948
10/04/2023 20:31:51 ::INFO:: ** Validation loss : 0.06360
10/04/2023 20:31:51 ::INFO:: ***** Training acc : 100.00%
10/04/2023 20:31:51 ::INFO:: ***** Validation acc : 97.78%
10/04/2023 20:31:52 ::INFO:: Start validation loop
10/04/2023 20:31:57 ::INFO:: Start validation loop
10/04/2023 20:31:59 ::INFO:: Epoch 16/50
10/04/2023 20:31:59 ::INFO:: ** Training loss : 0.15574
10/04/2023 20:31:59 ::INFO:: ** Validation loss : 0.05410
10/04/2023 20:31:59 ::INFO:: ***** Training acc : 90.91%
10/04/2023 20:31:59 ::INFO:: ***** Validation acc : 97.78%
10/04/2023 20:32:00 ::INFO:: Start validation loop
10/04/2023 20:32:05 ::INFO:: Start validation loop
10/04/2023 20:32:07 ::INFO:: Epoch 17/50
10/04/2023 20:32:07 ::INFO:: ** Training loss : 0.14021
10/04/2023 20:32:07 ::INFO:: ** Validation loss : 0.02220
10/04/2023 20:32:07 ::INFO:: ***** Training acc : 90.91%
10/04/2023 20:32:07 ::INFO:: ***** Validation acc : 100.00%
10/04/2023 20:32:08 ::INFO:: Start validation loop
10/04/2023 20:32:13 ::INFO:: Start validation loop
10/04/2023 20:32:15 ::INFO:: Epoch 18/50
10/04/2023 20:32:15 ::INFO:: ** Training loss : 0.08880
10/04/2023 20:32:15 ::INFO:: ** Validation loss : 0.00678
10/04/2023 20:32:15 ::INFO:: ***** Training acc : 90.91%
10/04/2023 20:32:15 ::INFO:: ***** Validation acc : 100.00%
10/04/2023 20:32:16 ::INFO:: Start validation loop
10/04/2023 20:32:21 ::INFO:: Start validation loop
10/04/2023 20:32:23 ::INFO:: Epoch 19/50
10/04/2023 20:32:23 ::INFO:: ** Training loss : 0.10527
10/04/2023 20:32:23 ::INFO:: ** Validation loss : 0.06580
10/04/2023 20:32:23 ::INFO:: ***** Training acc : 100.00%
10/04/2023 20:32:23 ::INFO:: ***** Validation acc : 95.56%
10/04/2023 20:32:24 ::INFO:: Start validation loop
10/04/2023 20:32:29 ::INFO:: Start validation loop
10/04/2023 20:32:31 ::INFO:: Epoch 20/50
10/04/2023 20:32:31 ::INFO:: ** Training loss : 0.11600
10/04/2023 20:32:31 ::INFO:: ** Validation loss : 0.01688
10/04/2023 20:32:31 ::INFO:: ***** Training acc : 90.91%
10/04/2023 20:32:31 ::INFO:: ***** Validation acc : 100.00%
10/04/2023 20:32:32 ::INFO:: Start validation loop
10/04/2023 20:32:37 ::INFO:: Start validation loop
10/04/2023 20:32:39 ::INFO:: Epoch 21/50
10/04/2023 20:32:39 ::INFO:: ** Training loss : 0.08499
10/04/2023 20:32:39 ::INFO:: ** Validation loss : 0.01316
10/04/2023 20:32:39 ::INFO:: ***** Training acc : 100.00%
10/04/2023 20:32:39 ::INFO:: ***** Validation acc : 100.00%
10/04/2023 20:32:40 ::INFO:: Start validation loop
10/04/2023 20:32:45 ::INFO:: Start validation loop
10/04/2023 20:32:47 ::INFO:: Epoch 22/50
10/04/2023 20:32:47 ::INFO:: ** Training loss : 0.09447
10/04/2023 20:32:47 ::INFO:: ** Validation loss : 0.03027
10/04/2023 20:32:47 ::INFO:: ***** Training acc : 90.91%
10/04/2023 20:32:47 ::INFO:: ***** Validation acc : 97.78%
10/04/2023 20:32:48 ::INFO:: Start validation loop
10/04/2023 20:32:55 ::INFO:: Start validation loop
10/04/2023 20:32:57 ::INFO:: Epoch 23/50
10/04/2023 20:32:57 ::INFO:: ** Training loss : 0.05124
10/04/2023 20:32:57 ::INFO:: ** Validation loss : 0.10070
10/04/2023 20:32:57 ::INFO:: ***** Training acc : 100.00%
10/04/2023 20:32:57 ::INFO:: ***** Validation acc : 95.56%
10/04/2023 20:32:58 ::INFO:: Start validation loop
10/04/2023 20:33:03 ::INFO:: Start validation loop
10/04/2023 20:33:05 ::INFO:: Epoch 24/50
10/04/2023 20:33:05 ::INFO:: ** Training loss : 0.03682
10/04/2023 20:33:05 ::INFO:: ** Validation loss : 0.04019
10/04/2023 20:33:05 ::INFO:: ***** Training acc : 100.00%
10/04/2023 20:33:05 ::INFO:: ***** Validation acc : 97.78%
10/04/2023 20:33:06 ::INFO:: Start validation loop
10/04/2023 20:33:12 ::INFO:: Start validation loop
10/04/2023 20:33:13 ::INFO:: Epoch 25/50
10/04/2023 20:33:13 ::INFO:: ** Training loss : 0.14337
10/04/2023 20:33:13 ::INFO:: ** Validation loss : 0.07844
10/04/2023 20:33:13 ::INFO:: ***** Training acc : 90.91%
10/04/2023 20:33:13 ::INFO:: ***** Validation acc : 97.78%
10/04/2023 20:33:15 ::INFO:: Start validation loop
10/04/2023 20:33:19 ::INFO:: Start validation loop
10/04/2023 20:33:22 ::INFO:: Epoch 26/50
10/04/2023 20:33:22 ::INFO:: ** Training loss : 0.10234
10/04/2023 20:33:22 ::INFO:: ** Validation loss : 0.00769
10/04/2023 20:33:22 ::INFO:: ***** Training acc : 100.00%
10/04/2023 20:33:22 ::INFO:: ***** Validation acc : 100.00%
10/04/2023 20:33:23 ::INFO:: Start validation loop
10/04/2023 20:33:28 ::INFO:: Start validation loop
10/04/2023 20:33:30 ::INFO:: Epoch 27/50
10/04/2023 20:33:30 ::INFO:: ** Training loss : 0.08757
10/04/2023 20:33:30 ::INFO:: ** Validation loss : 0.07922
10/04/2023 20:33:30 ::INFO:: ***** Training acc : 100.00%
10/04/2023 20:33:30 ::INFO:: ***** Validation acc : 97.78%
10/04/2023 20:33:31 ::INFO:: Start validation loop
10/04/2023 20:33:36 ::INFO:: Start validation loop
10/04/2023 20:33:37 ::INFO:: Epoch 28/50
10/04/2023 20:33:37 ::INFO:: ** Training loss : 0.08659
10/04/2023 20:33:37 ::INFO:: ** Validation loss : 0.05043
10/04/2023 20:33:37 ::INFO:: ***** Training acc : 100.00%
10/04/2023 20:33:37 ::INFO:: ***** Validation acc : 97.78%
10/04/2023 20:33:39 ::INFO:: Start validation loop
10/04/2023 20:33:44 ::INFO:: Start validation loop
10/04/2023 20:33:45 ::INFO:: Epoch 29/50
10/04/2023 20:33:45 ::INFO:: ** Training loss : 0.05901
10/04/2023 20:33:45 ::INFO:: ** Validation loss : 0.03990
10/04/2023 20:33:45 ::INFO:: ***** Training acc : 100.00%
10/04/2023 20:33:45 ::INFO:: ***** Validation acc : 97.78%
10/04/2023 20:33:47 ::INFO:: Start validation loop
10/04/2023 20:33:51 ::INFO:: Start validation loop
10/04/2023 20:33:53 ::INFO:: Epoch 30/50
10/04/2023 20:33:53 ::INFO:: ** Training loss : 0.12727
10/04/2023 20:33:53 ::INFO:: ** Validation loss : 0.00535
10/04/2023 20:33:53 ::INFO:: ***** Training acc : 90.91%
10/04/2023 20:33:53 ::INFO:: ***** Validation acc : 100.00%
10/04/2023 20:33:55 ::INFO:: Start validation loop
10/04/2023 20:33:59 ::INFO:: Start validation loop
10/04/2023 20:34:01 ::INFO:: Epoch 31/50
10/04/2023 20:34:01 ::INFO:: ** Training loss : 0.03537
10/04/2023 20:34:01 ::INFO:: ** Validation loss : 0.00839
10/04/2023 20:34:01 ::INFO:: ***** Training acc : 100.00%
10/04/2023 20:34:01 ::INFO:: ***** Validation acc : 100.00%
10/04/2023 20:34:03 ::INFO:: Start validation loop
10/04/2023 20:34:07 ::INFO:: Start validation loop
10/04/2023 20:34:09 ::INFO:: Epoch 32/50
10/04/2023 20:34:09 ::INFO:: ** Training loss : 0.11230
10/04/2023 20:34:09 ::INFO:: ** Validation loss : 0.00402
10/04/2023 20:34:09 ::INFO:: ***** Training acc : 100.00%
10/04/2023 20:34:09 ::INFO:: ***** Validation acc : 100.00%
10/04/2023 20:34:11 ::INFO:: Start validation loop
10/04/2023 20:34:16 ::INFO:: Start validation loop
10/04/2023 20:34:17 ::INFO:: Epoch 33/50
10/04/2023 20:34:17 ::INFO:: ** Training loss : 0.11039
10/04/2023 20:34:17 ::INFO:: ** Validation loss : 0.09967
10/04/2023 20:34:17 ::INFO:: ***** Training acc : 90.91%
10/04/2023 20:34:17 ::INFO:: ***** Validation acc : 97.78%
10/04/2023 20:34:19 ::INFO:: Start validation loop
10/04/2023 20:34:23 ::INFO:: Start validation loop
10/04/2023 20:34:25 ::INFO:: Epoch 34/50
10/04/2023 20:34:25 ::INFO:: ** Training loss : 0.03102
10/04/2023 20:34:25 ::INFO:: ** Validation loss : 0.01421
10/04/2023 20:34:25 ::INFO:: ***** Training acc : 100.00%
10/04/2023 20:34:25 ::INFO:: ***** Validation acc : 100.00%
10/04/2023 20:34:27 ::INFO:: Start validation loop
10/04/2023 20:34:31 ::INFO:: Start validation loop
10/04/2023 20:34:33 ::INFO:: Epoch 35/50
10/04/2023 20:34:33 ::INFO:: ** Training loss : 0.02993
10/04/2023 20:34:33 ::INFO:: ** Validation loss : 0.01301
10/04/2023 20:34:33 ::INFO:: ***** Training acc : 100.00%
10/04/2023 20:34:33 ::INFO:: ***** Validation acc : 100.00%
10/04/2023 20:34:34 ::INFO:: Start validation loop
10/04/2023 20:34:39 ::INFO:: Start validation loop
10/04/2023 20:34:41 ::INFO:: Epoch 36/50
10/04/2023 20:34:41 ::INFO:: ** Training loss : 0.08093
10/04/2023 20:34:41 ::INFO:: ** Validation loss : 0.00676
10/04/2023 20:34:41 ::INFO:: ***** Training acc : 90.91%
10/04/2023 20:34:41 ::INFO:: ***** Validation acc : 100.00%
10/04/2023 20:34:42 ::INFO:: Start validation loop
10/04/2023 20:34:47 ::INFO:: Start validation loop
10/04/2023 20:34:49 ::INFO:: Epoch 37/50
10/04/2023 20:34:49 ::INFO:: ** Training loss : 0.04499
10/04/2023 20:34:49 ::INFO:: ** Validation loss : 0.01013
10/04/2023 20:34:49 ::INFO:: ***** Training acc : 100.00%
10/04/2023 20:34:49 ::INFO:: ***** Validation acc : 100.00%
10/04/2023 20:34:51 ::INFO:: Start validation loop
10/04/2023 20:34:55 ::INFO:: Start validation loop
10/04/2023 20:34:57 ::INFO:: Epoch 38/50
10/04/2023 20:34:57 ::INFO:: ** Training loss : 0.09487
10/04/2023 20:34:57 ::INFO:: ** Validation loss : 0.01133
10/04/2023 20:34:57 ::INFO:: ***** Training acc : 100.00%
10/04/2023 20:34:57 ::INFO:: ***** Validation acc : 100.00%
10/04/2023 20:34:59 ::INFO:: Start validation loop
10/04/2023 20:35:04 ::INFO:: Start validation loop
10/04/2023 20:35:06 ::INFO:: Epoch 39/50
10/04/2023 20:35:06 ::INFO:: ** Training loss : 0.04399
10/04/2023 20:35:06 ::INFO:: ** Validation loss : 0.00593
10/04/2023 20:35:06 ::INFO:: ***** Training acc : 100.00%
10/04/2023 20:35:06 ::INFO:: ***** Validation acc : 100.00%
10/04/2023 20:35:07 ::INFO:: Start validation loop
10/04/2023 20:35:12 ::INFO:: Start validation loop
10/04/2023 20:35:14 ::INFO:: Epoch 40/50
10/04/2023 20:35:14 ::INFO:: ** Training loss : 0.07628
10/04/2023 20:35:14 ::INFO:: ** Validation loss : 0.01266
10/04/2023 20:35:14 ::INFO:: ***** Training acc : 81.82%
10/04/2023 20:35:14 ::INFO:: ***** Validation acc : 100.00%
10/04/2023 20:35:15 ::INFO:: Start validation loop
10/04/2023 20:35:20 ::INFO:: Start validation loop
10/04/2023 20:35:22 ::INFO:: Epoch 41/50
10/04/2023 20:35:22 ::INFO:: ** Training loss : 0.02729
10/04/2023 20:35:22 ::INFO:: ** Validation loss : 0.01019
10/04/2023 20:35:22 ::INFO:: ***** Training acc : 100.00%
10/04/2023 20:35:22 ::INFO:: ***** Validation acc : 100.00%
10/04/2023 20:35:23 ::INFO:: Start validation loop
10/04/2023 20:35:28 ::INFO:: Start validation loop
10/04/2023 20:35:30 ::INFO:: Epoch 42/50
10/04/2023 20:35:30 ::INFO:: ** Training loss : 0.02571
10/04/2023 20:35:30 ::INFO:: ** Validation loss : 0.00342
10/04/2023 20:35:30 ::INFO:: ***** Training acc : 100.00%
10/04/2023 20:35:30 ::INFO:: ***** Validation acc : 100.00%
10/04/2023 20:35:31 ::INFO:: Start validation loop
10/04/2023 20:35:36 ::INFO:: Start validation loop
10/04/2023 20:35:38 ::INFO:: Epoch 43/50
10/04/2023 20:35:38 ::INFO:: ** Training loss : 0.14931
10/04/2023 20:35:38 ::INFO:: ** Validation loss : 0.02019
10/04/2023 20:35:38 ::INFO:: ***** Training acc : 100.00%
10/04/2023 20:35:38 ::INFO:: ***** Validation acc : 100.00%
10/04/2023 20:35:39 ::INFO:: Start validation loop
10/04/2023 20:35:44 ::INFO:: Start validation loop
10/04/2023 20:35:46 ::INFO:: Epoch 44/50
10/04/2023 20:35:46 ::INFO:: ** Training loss : 0.10880
10/04/2023 20:35:46 ::INFO:: ** Validation loss : 0.00641
10/04/2023 20:35:46 ::INFO:: ***** Training acc : 100.00%
10/04/2023 20:35:46 ::INFO:: ***** Validation acc : 100.00%
10/04/2023 20:35:48 ::INFO:: Start validation loop
10/04/2023 20:35:52 ::INFO:: Start validation loop
10/04/2023 20:35:54 ::INFO:: Epoch 45/50
10/04/2023 20:35:54 ::INFO:: ** Training loss : 0.03731
10/04/2023 20:35:54 ::INFO:: ** Validation loss : 0.00324
10/04/2023 20:35:54 ::INFO:: ***** Training acc : 100.00%
10/04/2023 20:35:54 ::INFO:: ***** Validation acc : 100.00%
10/04/2023 20:35:55 ::INFO:: Start validation loop
10/04/2023 20:36:00 ::INFO:: Start validation loop
10/04/2023 20:36:02 ::INFO:: Epoch 46/50
10/04/2023 20:36:02 ::INFO:: ** Training loss : 0.03389
10/04/2023 20:36:02 ::INFO:: ** Validation loss : 0.00381
10/04/2023 20:36:02 ::INFO:: ***** Training acc : 100.00%
10/04/2023 20:36:02 ::INFO:: ***** Validation acc : 100.00%
10/04/2023 20:36:04 ::INFO:: Start validation loop
10/04/2023 20:36:08 ::INFO:: Start validation loop
10/04/2023 20:36:10 ::INFO:: Epoch 47/50
10/04/2023 20:36:10 ::INFO:: ** Training loss : 0.12170
10/04/2023 20:36:10 ::INFO:: ** Validation loss : 0.02643
10/04/2023 20:36:10 ::INFO:: ***** Training acc : 81.82%
10/04/2023 20:36:10 ::INFO:: ***** Validation acc : 100.00%
10/04/2023 20:36:12 ::INFO:: Start validation loop
10/04/2023 20:36:16 ::INFO:: Start validation loop
10/04/2023 20:36:18 ::INFO:: Epoch 48/50
10/04/2023 20:36:18 ::INFO:: ** Training loss : 0.04714
10/04/2023 20:36:18 ::INFO:: ** Validation loss : 0.02427
10/04/2023 20:36:18 ::INFO:: ***** Training acc : 100.00%
10/04/2023 20:36:18 ::INFO:: ***** Validation acc : 97.78%
10/04/2023 20:36:20 ::INFO:: Start validation loop
10/04/2023 20:36:25 ::INFO:: Start validation loop
10/04/2023 20:36:26 ::INFO:: Epoch 49/50
10/04/2023 20:36:26 ::INFO:: ** Training loss : 0.03707
10/04/2023 20:36:26 ::INFO:: ** Validation loss : 0.00822
10/04/2023 20:36:26 ::INFO:: ***** Training acc : 100.00%
10/04/2023 20:36:26 ::INFO:: ***** Validation acc : 100.00%
10/04/2023 20:36:28 ::INFO:: Start validation loop
10/04/2023 20:36:33 ::INFO:: Start validation loop
10/04/2023 20:36:34 ::INFO:: Epoch 50/50
10/04/2023 20:36:34 ::INFO:: ** Training loss : 0.04975
10/04/2023 20:36:34 ::INFO:: ** Validation loss : 0.00556
10/04/2023 20:36:34 ::INFO:: ***** Training acc : 100.00%
10/04/2023 20:36:34 ::INFO:: ***** Validation acc : 100.00%
10/04/2023 20:36:35 ::INFO:: 

10/04/2023 20:36:35 ::INFO:: Model saved to EfficientNetB4_Bilberry_50epochs_10042023_20h36.pt.
10/04/2023 20:36:35 ::INFO:: Time duration: 0:06:46.415513.
10/04/2023 20:36:35 ::INFO:: End training.
